[debug] [2023-09-15T06:27:40.425Z] ----------------------------------------------------------------------
[debug] [2023-09-15T06:27:40.427Z] Command:       C:\Program Files\nodejs\node.exe C:\Users\tanma\AppData\Roaming\npm\node_modules\firebase-tools\lib\bin\firebase.js deploy
[debug] [2023-09-15T06:27:40.428Z] CLI Version:   12.5.4
[debug] [2023-09-15T06:27:40.429Z] Platform:      win32
[debug] [2023-09-15T06:27:40.429Z] Node Version:  v18.16.0
[debug] [2023-09-15T06:27:40.430Z] Time:          Fri Sep 15 2023 11:57:40 GMT+0530 (India Standard Time)
[debug] [2023-09-15T06:27:40.430Z] ----------------------------------------------------------------------
[debug] 
[debug] [2023-09-15T06:27:40.490Z] > command requires scopes: ["email","openid","https://www.googleapis.com/auth/cloudplatformprojects.readonly","https://www.googleapis.com/auth/firebase","https://www.googleapis.com/auth/cloud-platform"]
[debug] [2023-09-15T06:27:40.490Z] > authorizing via signed-in user (projectrvcesem3@gmail.com)
[debug] [2023-09-15T06:27:40.490Z] [iam] checking project designthinkinglab for permissions ["firebase.projects.get","firebasehosting.sites.update"]
[debug] [2023-09-15T06:27:40.496Z] >>> [apiv2][query] POST https://cloudresourcemanager.googleapis.com/v1/projects/designthinkinglab:testIamPermissions [none]
[debug] [2023-09-15T06:27:40.496Z] >>> [apiv2][(partial)header] POST https://cloudresourcemanager.googleapis.com/v1/projects/designthinkinglab:testIamPermissions x-goog-quota-user=projects/designthinkinglab
[debug] [2023-09-15T06:27:40.497Z] >>> [apiv2][body] POST https://cloudresourcemanager.googleapis.com/v1/projects/designthinkinglab:testIamPermissions {"permissions":["firebase.projects.get","firebasehosting.sites.update"]}
[debug] [2023-09-15T06:27:42.172Z] <<< [apiv2][status] POST https://cloudresourcemanager.googleapis.com/v1/projects/designthinkinglab:testIamPermissions 200
[debug] [2023-09-15T06:27:42.172Z] <<< [apiv2][body] POST https://cloudresourcemanager.googleapis.com/v1/projects/designthinkinglab:testIamPermissions {"permissions":["firebase.projects.get","firebasehosting.sites.update"]}
[debug] [2023-09-15T06:27:42.174Z] >>> [apiv2][query] GET https://firebase.googleapis.com/v1beta1/projects/designthinkinglab [none]
[debug] [2023-09-15T06:27:42.735Z] <<< [apiv2][status] GET https://firebase.googleapis.com/v1beta1/projects/designthinkinglab 200
[debug] [2023-09-15T06:27:42.735Z] <<< [apiv2][body] GET https://firebase.googleapis.com/v1beta1/projects/designthinkinglab {"projectId":"designthinkinglab","projectNumber":"535562650655","displayName":"DesignThinkingLab","name":"projects/designthinkinglab","resources":{"hostingSite":"designthinkinglab"},"state":"ACTIVE","etag":"1_4cf3503b-780d-48bf-b01c-ca40d5400a6b"}
[info] 
[info] === Deploying to 'designthinkinglab'...
[info] 
[info] i  deploying hosting 
[debug] [2023-09-15T06:27:42.743Z] >>> [apiv2][query] POST https://firebasehosting.googleapis.com/v1beta1/projects/-/sites/designthinkinglab/versions [none]
[debug] [2023-09-15T06:27:42.743Z] >>> [apiv2][body] POST https://firebasehosting.googleapis.com/v1beta1/projects/-/sites/designthinkinglab/versions {"status":"CREATED","labels":{"deployment-tool":"cli-firebase"}}
[debug] [2023-09-15T06:27:44.463Z] <<< [apiv2][status] POST https://firebasehosting.googleapis.com/v1beta1/projects/-/sites/designthinkinglab/versions 200
[debug] [2023-09-15T06:27:44.463Z] <<< [apiv2][body] POST https://firebasehosting.googleapis.com/v1beta1/projects/-/sites/designthinkinglab/versions {"name":"projects/535562650655/sites/designthinkinglab/versions/cf0a8f975180ab41","status":"CREATED","config":{},"labels":{"deployment-tool":"cli-firebase"}}
[info] i  hosting[designthinkinglab]: beginning deploy... 
[info] i  hosting[designthinkinglab]: found 28 files in build 
[debug] [2023-09-15T06:27:44.485Z] [hosting] uploading with 200 concurrency
[debug] [2023-09-15T06:27:44.486Z] [hosting] hash cache [YnVpbGQ] not populated
[debug] [2023-09-15T06:27:47.945Z] [hosting] hash cache [YnVpbGQ] stored for 28 files
[debug] [2023-09-15T06:27:47.946Z] [hosting][hash queue][FINAL] {"max":3447,"min":20,"avg":201.64285714285714,"active":0,"complete":28,"success":28,"errored":0,"retried":0,"total":28,"elapsed":3458}
[debug] [2023-09-15T06:27:47.946Z] >>> [apiv2][query] POST https://firebasehosting.googleapis.com/v1beta1/projects/535562650655/sites/designthinkinglab/versions/cf0a8f975180ab41:populateFiles [none]
[debug] [2023-09-15T06:27:47.946Z] >>> [apiv2][body] POST https://firebasehosting.googleapis.com/v1beta1/projects/535562650655/sites/designthinkinglab/versions/cf0a8f975180ab41:populateFiles {"files":{"/404.html":"daa499dd96d8229e73235345702ba32f0793f0c8e5c0d30e40e37a5872be57aa","/index.html":"7099dd3858c730883e75e1fa418580f2eef7f26cc05da42e47c4849148dccf85","/asset-manifest.json":"ea52bbc17c97f00b2ddb5c85688f3adf17596ed32b9de7e14c0d8301818d91e2","/manifest.json":"aff3449bdc238776f5d6d967f19ec491b36aed5fb7f23ccff6500736fd58494a","/static/js/main.bbed9057.js.LICENSE.txt":"3f0548e526324dfa04981e8e26a17098211fbf14494211d4634e727f18f67ad4","/static/css/main.c4a30e2e.css":"37b5b3907912bc53c3d8ac6f394facacf38fa638c35dcd01e60b0b3b330fc0f1","/static/css/main.c4a30e2e.css.map":"2df4079c4ae466f6ea500492aaedec358319a92a160dcc5e385343573ae7ec81","/static/media/loader.1ffc6dc066f6521b03ae.gif":"0803e7f47ba61644efd7e84c7d78257dc4f82f75157531e87199055535d17b09","/static/media/English_1.11e49c59b9191bb6328b.avif":"f0d5aca452eb5617f33125edbaec97622a9cdee06d681367a8028a83292ffe1f","/static/media/negative.6b2eb1aa1ffcec110107.mp3":"37ef250ccd40561eb1cfcaae0c1e3045ff61852d77f136d4f13e2425cbcbd6f1","/static/media/EVS_3.280abcda4d0ffc1670d9.avif":"c43680b3e27f70742c12c4ddb2e04675c4dc79e64be008e150be3bd2e95febf0","/static/media/colors.5c4fbc3a33079cfe87f3.png":"84b51143ad9066b0cc5ebb227dd45f9ab0f375da66e8f17908a7bc5db35c57d8","/static/media/Maths_1.a7177141d85b0278bee5.avif":"99d4f884dc1b5db402b748aba38268ee590a24e27cfcdce660cec0e3e0e1dd30","/static/media/rvce.5e8f25964d23b180df22.png":"9832cdc3831b467ba18bab633acfaa003dd8264ce2108ef45a0d91facaf87550","/static/media/clapping.951c28ce5ba6806c31b7.mp3":"f552b21368be43ba5924689a70855eb563effcf966a2bdac64f0de1b8725a172","/static/media/diet_ramnagara.0d2e781e44474248b521.png":"e4efdc797243aa9e799c26989a844d39f33d2c17285612edb5ab12d140a8a724","/static/media/boylearn.64b966631d79949dfb38.png":"750d08e52e42539385d3dc946cb175adf782f83eb5aee9a0c8ce462102ca0dbc","/static/media/poonamdaychart.84c814173737b0144dc8.pdf":"44e772d1a75ce4866090372a20e194aebf6647ef9ed5ca275c8fa861ef6ea853","/static/js/main.bbed9057.js":"c0c3ca761ab7415a9b5929dff1d2cd8287c443d0b5a6b624dc6aef75e0d13d79","/static/media/onlineeducation.565961ffc2d5e19f42d7.jpg":"321c3f453ff81ff73c4645f23a6850b81ca8e9c6bf057a0db5ccda121fae1cff","/static/media/summary_1.dba6dbe9ee2e7805ff84.png":"536a6959ecd355907c226c8e4323a6ecfdbb547e7bfd519ece567860b133ffd7","/static/media/animation1thumbnail.d361d4c211c1e45cf033.png":"700585e3bff75687c93a26677d6fd53879eb35e39b3c80ab364df0714152385a","/static/media/poonamchart.03fed10a9485b33a35d9.png":"8c21124cda436444effacf424dcfc8832b45f43d15baf040770c4ce2e1b1d828","/static/media/Englishscript.09728c1eac52f80436b0.pdf":"fbffa19717d8a05a794cdebc2e584982659f3b2470d963044f90dca18fd2ecfa","/static/media/Kannadascript.74b3cf6d3a6104c5728c.pdf":"d3eab8f2eb31893d1c30bf68219cd57d26847e2898bfeb34e1742d08373cc398","/static/media/poonams_summary.36659a61cad5257ef5f3.pdf":"969881b646288a35e85aecc410631705852fe00779a907c90ffb17263ef8cc6e","/static/js/main.bbed9057.js.map":"a01d59e066dc8a0013f45785a9a2a060ad125b3573bd95cdf99f69ea52726122","/static/media/poonams_animation.e30bb0d4b0633bf4f27c.mp4":"5442440daa5ecf002f8baadfc6845fd99254fa14906fdde49b900d91befdc60a"}}
[debug] [2023-09-15T06:27:49.071Z] <<< [apiv2][status] POST https://firebasehosting.googleapis.com/v1beta1/projects/535562650655/sites/designthinkinglab/versions/cf0a8f975180ab41:populateFiles 200
[debug] [2023-09-15T06:27:49.071Z] <<< [apiv2][body] POST https://firebasehosting.googleapis.com/v1beta1/projects/535562650655/sites/designthinkinglab/versions/cf0a8f975180ab41:populateFiles {"uploadRequiredHashes":["44e772d1a75ce4866090372a20e194aebf6647ef9ed5ca275c8fa861ef6ea853","0803e7f47ba61644efd7e84c7d78257dc4f82f75157531e87199055535d17b09","8c21124cda436444effacf424dcfc8832b45f43d15baf040770c4ce2e1b1d828","321c3f453ff81ff73c4645f23a6850b81ca8e9c6bf057a0db5ccda121fae1cff","99d4f884dc1b5db402b748aba38268ee590a24e27cfcdce660cec0e3e0e1dd30","d3eab8f2eb31893d1c30bf68219cd57d26847e2898bfeb34e1742d08373cc398","2df4079c4ae466f6ea500492aaedec358319a92a160dcc5e385343573ae7ec81","fbffa19717d8a05a794cdebc2e584982659f3b2470d963044f90dca18fd2ecfa","f0d5aca452eb5617f33125edbaec97622a9cdee06d681367a8028a83292ffe1f","700585e3bff75687c93a26677d6fd53879eb35e39b3c80ab364df0714152385a","37b5b3907912bc53c3d8ac6f394facacf38fa638c35dcd01e60b0b3b330fc0f1","9832cdc3831b467ba18bab633acfaa003dd8264ce2108ef45a0d91facaf87550","84b51143ad9066b0cc5ebb227dd45f9ab0f375da66e8f17908a7bc5db35c57d8","f552b21368be43ba5924689a70855eb563effcf966a2bdac64f0de1b8725a172","c0c3ca761ab7415a9b5929dff1d2cd8287c443d0b5a6b624dc6aef75e0d13d79","536a6959ecd355907c226c8e4323a6ecfdbb547e7bfd519ece567860b133ffd7","3f0548e526324dfa04981e8e26a17098211fbf14494211d4634e727f18f67ad4","a01d59e066dc8a0013f45785a9a2a060ad125b3573bd95cdf99f69ea52726122","daa499dd96d8229e73235345702ba32f0793f0c8e5c0d30e40e37a5872be57aa","7099dd3858c730883e75e1fa418580f2eef7f26cc05da42e47c4849148dccf85","750d08e52e42539385d3dc946cb175adf782f83eb5aee9a0c8ce462102ca0dbc","5442440daa5ecf002f8baadfc6845fd99254fa14906fdde49b900d91befdc60a","969881b646288a35e85aecc410631705852fe00779a907c90ffb17263ef8cc6e","37ef250ccd40561eb1cfcaae0c1e3045ff61852d77f136d4f13e2425cbcbd6f1","ea52bbc17c97f00b2ddb5c85688f3adf17596ed32b9de7e14c0d8301818d91e2","aff3449bdc238776f5d6d967f19ec491b36aed5fb7f23ccff6500736fd58494a","c43680b3e27f70742c12c4ddb2e04675c4dc79e64be008e150be3bd2e95febf0","e4efdc797243aa9e799c26989a844d39f33d2c17285612edb5ab12d140a8a724"],"uploadUrl":"https://upload-firebasehosting.googleapis.com/upload/sites/designthinkinglab/versions/cf0a8f975180ab41/files"}
[debug] [2023-09-15T06:27:49.079Z] >>> [apiv2][query] POST https://upload-firebasehosting.googleapis.com/upload/sites/designthinkinglab/versions/cf0a8f975180ab41/files/44e772d1a75ce4866090372a20e194aebf6647ef9ed5ca275c8fa861ef6ea853 [none]
[debug] [2023-09-15T06:27:49.079Z] >>> [apiv2][body] POST https://upload-firebasehosting.googleapis.com/upload/sites/designthinkinglab/versions/cf0a8f975180ab41/files/44e772d1a75ce4866090372a20e194aebf6647ef9ed5ca275c8fa861ef6ea853 [stream]
[debug] [2023-09-15T06:27:49.082Z] >>> [apiv2][query] POST https://upload-firebasehosting.googleapis.com/upload/sites/designthinkinglab/versions/cf0a8f975180ab41/files/0803e7f47ba61644efd7e84c7d78257dc4f82f75157531e87199055535d17b09 [none]
[debug] [2023-09-15T06:27:49.083Z] >>> [apiv2][body] POST https://upload-firebasehosting.googleapis.com/upload/sites/designthinkinglab/versions/cf0a8f975180ab41/files/0803e7f47ba61644efd7e84c7d78257dc4f82f75157531e87199055535d17b09 [stream]
[debug] [2023-09-15T06:27:49.085Z] >>> [apiv2][query] POST https://upload-firebasehosting.googleapis.com/upload/sites/designthinkinglab/versions/cf0a8f975180ab41/files/8c21124cda436444effacf424dcfc8832b45f43d15baf040770c4ce2e1b1d828 [none]
[debug] [2023-09-15T06:27:49.085Z] >>> [apiv2][body] POST https://upload-firebasehosting.googleapis.com/upload/sites/designthinkinglab/versions/cf0a8f975180ab41/files/8c21124cda436444effacf424dcfc8832b45f43d15baf040770c4ce2e1b1d828 [stream]
[debug] [2023-09-15T06:27:49.087Z] >>> [apiv2][query] POST https://upload-firebasehosting.googleapis.com/upload/sites/designthinkinglab/versions/cf0a8f975180ab41/files/321c3f453ff81ff73c4645f23a6850b81ca8e9c6bf057a0db5ccda121fae1cff [none]
[debug] [2023-09-15T06:27:49.088Z] >>> [apiv2][body] POST https://upload-firebasehosting.googleapis.com/upload/sites/designthinkinglab/versions/cf0a8f975180ab41/files/321c3f453ff81ff73c4645f23a6850b81ca8e9c6bf057a0db5ccda121fae1cff [stream]
[debug] [2023-09-15T06:27:49.089Z] >>> [apiv2][query] POST https://upload-firebasehosting.googleapis.com/upload/sites/designthinkinglab/versions/cf0a8f975180ab41/files/99d4f884dc1b5db402b748aba38268ee590a24e27cfcdce660cec0e3e0e1dd30 [none]
[debug] [2023-09-15T06:27:49.089Z] >>> [apiv2][body] POST https://upload-firebasehosting.googleapis.com/upload/sites/designthinkinglab/versions/cf0a8f975180ab41/files/99d4f884dc1b5db402b748aba38268ee590a24e27cfcdce660cec0e3e0e1dd30 [stream]
[debug] [2023-09-15T06:27:49.091Z] >>> [apiv2][query] POST https://upload-firebasehosting.googleapis.com/upload/sites/designthinkinglab/versions/cf0a8f975180ab41/files/d3eab8f2eb31893d1c30bf68219cd57d26847e2898bfeb34e1742d08373cc398 [none]
[debug] [2023-09-15T06:27:49.091Z] >>> [apiv2][body] POST https://upload-firebasehosting.googleapis.com/upload/sites/designthinkinglab/versions/cf0a8f975180ab41/files/d3eab8f2eb31893d1c30bf68219cd57d26847e2898bfeb34e1742d08373cc398 [stream]
[debug] [2023-09-15T06:27:49.095Z] >>> [apiv2][query] POST https://upload-firebasehosting.googleapis.com/upload/sites/designthinkinglab/versions/cf0a8f975180ab41/files/2df4079c4ae466f6ea500492aaedec358319a92a160dcc5e385343573ae7ec81 [none]
[debug] [2023-09-15T06:27:49.095Z] >>> [apiv2][body] POST https://upload-firebasehosting.googleapis.com/upload/sites/designthinkinglab/versions/cf0a8f975180ab41/files/2df4079c4ae466f6ea500492aaedec358319a92a160dcc5e385343573ae7ec81 [stream]
[debug] [2023-09-15T06:27:49.097Z] >>> [apiv2][query] POST https://upload-firebasehosting.googleapis.com/upload/sites/designthinkinglab/versions/cf0a8f975180ab41/files/fbffa19717d8a05a794cdebc2e584982659f3b2470d963044f90dca18fd2ecfa [none]
[debug] [2023-09-15T06:27:49.098Z] >>> [apiv2][body] POST https://upload-firebasehosting.googleapis.com/upload/sites/designthinkinglab/versions/cf0a8f975180ab41/files/fbffa19717d8a05a794cdebc2e584982659f3b2470d963044f90dca18fd2ecfa [stream]
[debug] [2023-09-15T06:27:49.101Z] >>> [apiv2][query] POST https://upload-firebasehosting.googleapis.com/upload/sites/designthinkinglab/versions/cf0a8f975180ab41/files/f0d5aca452eb5617f33125edbaec97622a9cdee06d681367a8028a83292ffe1f [none]
[debug] [2023-09-15T06:27:49.101Z] >>> [apiv2][body] POST https://upload-firebasehosting.googleapis.com/upload/sites/designthinkinglab/versions/cf0a8f975180ab41/files/f0d5aca452eb5617f33125edbaec97622a9cdee06d681367a8028a83292ffe1f [stream]
[debug] [2023-09-15T06:27:49.102Z] >>> [apiv2][query] POST https://upload-firebasehosting.googleapis.com/upload/sites/designthinkinglab/versions/cf0a8f975180ab41/files/700585e3bff75687c93a26677d6fd53879eb35e39b3c80ab364df0714152385a [none]
[debug] [2023-09-15T06:27:49.102Z] >>> [apiv2][body] POST https://upload-firebasehosting.googleapis.com/upload/sites/designthinkinglab/versions/cf0a8f975180ab41/files/700585e3bff75687c93a26677d6fd53879eb35e39b3c80ab364df0714152385a [stream]
[debug] [2023-09-15T06:27:49.103Z] >>> [apiv2][query] POST https://upload-firebasehosting.googleapis.com/upload/sites/designthinkinglab/versions/cf0a8f975180ab41/files/37b5b3907912bc53c3d8ac6f394facacf38fa638c35dcd01e60b0b3b330fc0f1 [none]
[debug] [2023-09-15T06:27:49.103Z] >>> [apiv2][body] POST https://upload-firebasehosting.googleapis.com/upload/sites/designthinkinglab/versions/cf0a8f975180ab41/files/37b5b3907912bc53c3d8ac6f394facacf38fa638c35dcd01e60b0b3b330fc0f1 [stream]
[debug] [2023-09-15T06:27:49.104Z] >>> [apiv2][query] POST https://upload-firebasehosting.googleapis.com/upload/sites/designthinkinglab/versions/cf0a8f975180ab41/files/9832cdc3831b467ba18bab633acfaa003dd8264ce2108ef45a0d91facaf87550 [none]
[debug] [2023-09-15T06:27:49.104Z] >>> [apiv2][body] POST https://upload-firebasehosting.googleapis.com/upload/sites/designthinkinglab/versions/cf0a8f975180ab41/files/9832cdc3831b467ba18bab633acfaa003dd8264ce2108ef45a0d91facaf87550 [stream]
[debug] [2023-09-15T06:27:49.105Z] >>> [apiv2][query] POST https://upload-firebasehosting.googleapis.com/upload/sites/designthinkinglab/versions/cf0a8f975180ab41/files/84b51143ad9066b0cc5ebb227dd45f9ab0f375da66e8f17908a7bc5db35c57d8 [none]
[debug] [2023-09-15T06:27:49.105Z] >>> [apiv2][body] POST https://upload-firebasehosting.googleapis.com/upload/sites/designthinkinglab/versions/cf0a8f975180ab41/files/84b51143ad9066b0cc5ebb227dd45f9ab0f375da66e8f17908a7bc5db35c57d8 [stream]
[debug] [2023-09-15T06:27:49.106Z] >>> [apiv2][query] POST https://upload-firebasehosting.googleapis.com/upload/sites/designthinkinglab/versions/cf0a8f975180ab41/files/f552b21368be43ba5924689a70855eb563effcf966a2bdac64f0de1b8725a172 [none]
[debug] [2023-09-15T06:27:49.106Z] >>> [apiv2][body] POST https://upload-firebasehosting.googleapis.com/upload/sites/designthinkinglab/versions/cf0a8f975180ab41/files/f552b21368be43ba5924689a70855eb563effcf966a2bdac64f0de1b8725a172 [stream]
[debug] [2023-09-15T06:27:49.107Z] >>> [apiv2][query] POST https://upload-firebasehosting.googleapis.com/upload/sites/designthinkinglab/versions/cf0a8f975180ab41/files/c0c3ca761ab7415a9b5929dff1d2cd8287c443d0b5a6b624dc6aef75e0d13d79 [none]
[debug] [2023-09-15T06:27:49.107Z] >>> [apiv2][body] POST https://upload-firebasehosting.googleapis.com/upload/sites/designthinkinglab/versions/cf0a8f975180ab41/files/c0c3ca761ab7415a9b5929dff1d2cd8287c443d0b5a6b624dc6aef75e0d13d79 [stream]
[debug] [2023-09-15T06:27:49.107Z] >>> [apiv2][query] POST https://upload-firebasehosting.googleapis.com/upload/sites/designthinkinglab/versions/cf0a8f975180ab41/files/536a6959ecd355907c226c8e4323a6ecfdbb547e7bfd519ece567860b133ffd7 [none]
[debug] [2023-09-15T06:27:49.107Z] >>> [apiv2][body] POST https://upload-firebasehosting.googleapis.com/upload/sites/designthinkinglab/versions/cf0a8f975180ab41/files/536a6959ecd355907c226c8e4323a6ecfdbb547e7bfd519ece567860b133ffd7 [stream]
[debug] [2023-09-15T06:27:49.108Z] >>> [apiv2][query] POST https://upload-firebasehosting.googleapis.com/upload/sites/designthinkinglab/versions/cf0a8f975180ab41/files/3f0548e526324dfa04981e8e26a17098211fbf14494211d4634e727f18f67ad4 [none]
[debug] [2023-09-15T06:27:49.108Z] >>> [apiv2][body] POST https://upload-firebasehosting.googleapis.com/upload/sites/designthinkinglab/versions/cf0a8f975180ab41/files/3f0548e526324dfa04981e8e26a17098211fbf14494211d4634e727f18f67ad4 [stream]
[debug] [2023-09-15T06:27:49.111Z] >>> [apiv2][query] POST https://upload-firebasehosting.googleapis.com/upload/sites/designthinkinglab/versions/cf0a8f975180ab41/files/a01d59e066dc8a0013f45785a9a2a060ad125b3573bd95cdf99f69ea52726122 [none]
[debug] [2023-09-15T06:27:49.111Z] >>> [apiv2][body] POST https://upload-firebasehosting.googleapis.com/upload/sites/designthinkinglab/versions/cf0a8f975180ab41/files/a01d59e066dc8a0013f45785a9a2a060ad125b3573bd95cdf99f69ea52726122 [stream]
[debug] [2023-09-15T06:27:49.113Z] >>> [apiv2][query] POST https://upload-firebasehosting.googleapis.com/upload/sites/designthinkinglab/versions/cf0a8f975180ab41/files/daa499dd96d8229e73235345702ba32f0793f0c8e5c0d30e40e37a5872be57aa [none]
[debug] [2023-09-15T06:27:49.113Z] >>> [apiv2][body] POST https://upload-firebasehosting.googleapis.com/upload/sites/designthinkinglab/versions/cf0a8f975180ab41/files/daa499dd96d8229e73235345702ba32f0793f0c8e5c0d30e40e37a5872be57aa [stream]
[debug] [2023-09-15T06:27:49.114Z] >>> [apiv2][query] POST https://upload-firebasehosting.googleapis.com/upload/sites/designthinkinglab/versions/cf0a8f975180ab41/files/7099dd3858c730883e75e1fa418580f2eef7f26cc05da42e47c4849148dccf85 [none]
[debug] [2023-09-15T06:27:49.115Z] >>> [apiv2][body] POST https://upload-firebasehosting.googleapis.com/upload/sites/designthinkinglab/versions/cf0a8f975180ab41/files/7099dd3858c730883e75e1fa418580f2eef7f26cc05da42e47c4849148dccf85 [stream]
[debug] [2023-09-15T06:27:49.115Z] >>> [apiv2][query] POST https://upload-firebasehosting.googleapis.com/upload/sites/designthinkinglab/versions/cf0a8f975180ab41/files/750d08e52e42539385d3dc946cb175adf782f83eb5aee9a0c8ce462102ca0dbc [none]
[debug] [2023-09-15T06:27:49.115Z] >>> [apiv2][body] POST https://upload-firebasehosting.googleapis.com/upload/sites/designthinkinglab/versions/cf0a8f975180ab41/files/750d08e52e42539385d3dc946cb175adf782f83eb5aee9a0c8ce462102ca0dbc [stream]
[debug] [2023-09-15T06:27:49.116Z] >>> [apiv2][query] POST https://upload-firebasehosting.googleapis.com/upload/sites/designthinkinglab/versions/cf0a8f975180ab41/files/5442440daa5ecf002f8baadfc6845fd99254fa14906fdde49b900d91befdc60a [none]
[debug] [2023-09-15T06:27:49.116Z] >>> [apiv2][body] POST https://upload-firebasehosting.googleapis.com/upload/sites/designthinkinglab/versions/cf0a8f975180ab41/files/5442440daa5ecf002f8baadfc6845fd99254fa14906fdde49b900d91befdc60a [stream]
[debug] [2023-09-15T06:27:49.117Z] >>> [apiv2][query] POST https://upload-firebasehosting.googleapis.com/upload/sites/designthinkinglab/versions/cf0a8f975180ab41/files/969881b646288a35e85aecc410631705852fe00779a907c90ffb17263ef8cc6e [none]
[debug] [2023-09-15T06:27:49.117Z] >>> [apiv2][body] POST https://upload-firebasehosting.googleapis.com/upload/sites/designthinkinglab/versions/cf0a8f975180ab41/files/969881b646288a35e85aecc410631705852fe00779a907c90ffb17263ef8cc6e [stream]
[debug] [2023-09-15T06:27:49.118Z] >>> [apiv2][query] POST https://upload-firebasehosting.googleapis.com/upload/sites/designthinkinglab/versions/cf0a8f975180ab41/files/37ef250ccd40561eb1cfcaae0c1e3045ff61852d77f136d4f13e2425cbcbd6f1 [none]
[debug] [2023-09-15T06:27:49.118Z] >>> [apiv2][body] POST https://upload-firebasehosting.googleapis.com/upload/sites/designthinkinglab/versions/cf0a8f975180ab41/files/37ef250ccd40561eb1cfcaae0c1e3045ff61852d77f136d4f13e2425cbcbd6f1 [stream]
[debug] [2023-09-15T06:27:49.119Z] >>> [apiv2][query] POST https://upload-firebasehosting.googleapis.com/upload/sites/designthinkinglab/versions/cf0a8f975180ab41/files/ea52bbc17c97f00b2ddb5c85688f3adf17596ed32b9de7e14c0d8301818d91e2 [none]
[debug] [2023-09-15T06:27:49.119Z] >>> [apiv2][body] POST https://upload-firebasehosting.googleapis.com/upload/sites/designthinkinglab/versions/cf0a8f975180ab41/files/ea52bbc17c97f00b2ddb5c85688f3adf17596ed32b9de7e14c0d8301818d91e2 [stream]
[debug] [2023-09-15T06:27:49.120Z] >>> [apiv2][query] POST https://upload-firebasehosting.googleapis.com/upload/sites/designthinkinglab/versions/cf0a8f975180ab41/files/aff3449bdc238776f5d6d967f19ec491b36aed5fb7f23ccff6500736fd58494a [none]
[debug] [2023-09-15T06:27:49.120Z] >>> [apiv2][body] POST https://upload-firebasehosting.googleapis.com/upload/sites/designthinkinglab/versions/cf0a8f975180ab41/files/aff3449bdc238776f5d6d967f19ec491b36aed5fb7f23ccff6500736fd58494a [stream]
[debug] [2023-09-15T06:27:49.121Z] >>> [apiv2][query] POST https://upload-firebasehosting.googleapis.com/upload/sites/designthinkinglab/versions/cf0a8f975180ab41/files/c43680b3e27f70742c12c4ddb2e04675c4dc79e64be008e150be3bd2e95febf0 [none]
[debug] [2023-09-15T06:27:49.121Z] >>> [apiv2][body] POST https://upload-firebasehosting.googleapis.com/upload/sites/designthinkinglab/versions/cf0a8f975180ab41/files/c43680b3e27f70742c12c4ddb2e04675c4dc79e64be008e150be3bd2e95febf0 [stream]
[debug] [2023-09-15T06:27:49.122Z] >>> [apiv2][query] POST https://upload-firebasehosting.googleapis.com/upload/sites/designthinkinglab/versions/cf0a8f975180ab41/files/e4efdc797243aa9e799c26989a844d39f33d2c17285612edb5ab12d140a8a724 [none]
[debug] [2023-09-15T06:27:49.122Z] >>> [apiv2][body] POST https://upload-firebasehosting.googleapis.com/upload/sites/designthinkinglab/versions/cf0a8f975180ab41/files/e4efdc797243aa9e799c26989a844d39f33d2c17285612edb5ab12d140a8a724 [stream]
[debug] [2023-09-15T06:27:49.124Z] [hosting][populate queue][FINAL] {"max":1136,"min":1136,"avg":1136,"active":0,"complete":1,"success":1,"errored":0,"retried":0,"total":1,"elapsed":1181}
[debug] [2023-09-15T06:27:49.124Z] [hosting] uploads queued: 28
[debug] [2023-09-15T06:27:50.876Z] <<< [apiv2][status] POST https://upload-firebasehosting.googleapis.com/upload/sites/designthinkinglab/versions/cf0a8f975180ab41/files/2df4079c4ae466f6ea500492aaedec358319a92a160dcc5e385343573ae7ec81 200
[debug] [2023-09-15T06:27:50.877Z] <<< [apiv2][body] POST https://upload-firebasehosting.googleapis.com/upload/sites/designthinkinglab/versions/cf0a8f975180ab41/files/2df4079c4ae466f6ea500492aaedec358319a92a160dcc5e385343573ae7ec81 [stream]
[debug] [2023-09-15T06:27:51.589Z] <<< [apiv2][status] POST https://upload-firebasehosting.googleapis.com/upload/sites/designthinkinglab/versions/cf0a8f975180ab41/files/37b5b3907912bc53c3d8ac6f394facacf38fa638c35dcd01e60b0b3b330fc0f1 200
[debug] [2023-09-15T06:27:51.589Z] <<< [apiv2][body] POST https://upload-firebasehosting.googleapis.com/upload/sites/designthinkinglab/versions/cf0a8f975180ab41/files/37b5b3907912bc53c3d8ac6f394facacf38fa638c35dcd01e60b0b3b330fc0f1 [stream]
[debug] [2023-09-15T06:27:51.870Z] <<< [apiv2][status] POST https://upload-firebasehosting.googleapis.com/upload/sites/designthinkinglab/versions/cf0a8f975180ab41/files/3f0548e526324dfa04981e8e26a17098211fbf14494211d4634e727f18f67ad4 200
[debug] [2023-09-15T06:27:51.870Z] <<< [apiv2][body] POST https://upload-firebasehosting.googleapis.com/upload/sites/designthinkinglab/versions/cf0a8f975180ab41/files/3f0548e526324dfa04981e8e26a17098211fbf14494211d4634e727f18f67ad4 [stream]
[debug] [2023-09-15T06:27:52.006Z] <<< [apiv2][status] POST https://upload-firebasehosting.googleapis.com/upload/sites/designthinkinglab/versions/cf0a8f975180ab41/files/ea52bbc17c97f00b2ddb5c85688f3adf17596ed32b9de7e14c0d8301818d91e2 200
[debug] [2023-09-15T06:27:52.006Z] <<< [apiv2][body] POST https://upload-firebasehosting.googleapis.com/upload/sites/designthinkinglab/versions/cf0a8f975180ab41/files/ea52bbc17c97f00b2ddb5c85688f3adf17596ed32b9de7e14c0d8301818d91e2 [stream]
[debug] [2023-09-15T06:27:52.033Z] <<< [apiv2][status] POST https://upload-firebasehosting.googleapis.com/upload/sites/designthinkinglab/versions/cf0a8f975180ab41/files/7099dd3858c730883e75e1fa418580f2eef7f26cc05da42e47c4849148dccf85 200
[debug] [2023-09-15T06:27:52.034Z] <<< [apiv2][body] POST https://upload-firebasehosting.googleapis.com/upload/sites/designthinkinglab/versions/cf0a8f975180ab41/files/7099dd3858c730883e75e1fa418580f2eef7f26cc05da42e47c4849148dccf85 [stream]
[debug] [2023-09-15T06:27:52.495Z] <<< [apiv2][status] POST https://upload-firebasehosting.googleapis.com/upload/sites/designthinkinglab/versions/cf0a8f975180ab41/files/c43680b3e27f70742c12c4ddb2e04675c4dc79e64be008e150be3bd2e95febf0 200
[debug] [2023-09-15T06:27:52.495Z] <<< [apiv2][body] POST https://upload-firebasehosting.googleapis.com/upload/sites/designthinkinglab/versions/cf0a8f975180ab41/files/c43680b3e27f70742c12c4ddb2e04675c4dc79e64be008e150be3bd2e95febf0 [stream]
[debug] [2023-09-15T06:27:52.496Z] <<< [apiv2][status] POST https://upload-firebasehosting.googleapis.com/upload/sites/designthinkinglab/versions/cf0a8f975180ab41/files/f0d5aca452eb5617f33125edbaec97622a9cdee06d681367a8028a83292ffe1f 200
[debug] [2023-09-15T06:27:52.496Z] <<< [apiv2][body] POST https://upload-firebasehosting.googleapis.com/upload/sites/designthinkinglab/versions/cf0a8f975180ab41/files/f0d5aca452eb5617f33125edbaec97622a9cdee06d681367a8028a83292ffe1f [stream]
[debug] [2023-09-15T06:27:52.525Z] <<< [apiv2][status] POST https://upload-firebasehosting.googleapis.com/upload/sites/designthinkinglab/versions/cf0a8f975180ab41/files/99d4f884dc1b5db402b748aba38268ee590a24e27cfcdce660cec0e3e0e1dd30 200
[debug] [2023-09-15T06:27:52.525Z] <<< [apiv2][body] POST https://upload-firebasehosting.googleapis.com/upload/sites/designthinkinglab/versions/cf0a8f975180ab41/files/99d4f884dc1b5db402b748aba38268ee590a24e27cfcdce660cec0e3e0e1dd30 [stream]
[debug] [2023-09-15T06:27:52.614Z] <<< [apiv2][status] POST https://upload-firebasehosting.googleapis.com/upload/sites/designthinkinglab/versions/cf0a8f975180ab41/files/0803e7f47ba61644efd7e84c7d78257dc4f82f75157531e87199055535d17b09 200
[debug] [2023-09-15T06:27:52.614Z] <<< [apiv2][body] POST https://upload-firebasehosting.googleapis.com/upload/sites/designthinkinglab/versions/cf0a8f975180ab41/files/0803e7f47ba61644efd7e84c7d78257dc4f82f75157531e87199055535d17b09 [stream]
[debug] [2023-09-15T06:27:52.815Z] <<< [apiv2][status] POST https://upload-firebasehosting.googleapis.com/upload/sites/designthinkinglab/versions/cf0a8f975180ab41/files/37ef250ccd40561eb1cfcaae0c1e3045ff61852d77f136d4f13e2425cbcbd6f1 200
[debug] [2023-09-15T06:27:52.815Z] <<< [apiv2][body] POST https://upload-firebasehosting.googleapis.com/upload/sites/designthinkinglab/versions/cf0a8f975180ab41/files/37ef250ccd40561eb1cfcaae0c1e3045ff61852d77f136d4f13e2425cbcbd6f1 [stream]
[debug] [2023-09-15T06:27:53.106Z] <<< [apiv2][status] POST https://upload-firebasehosting.googleapis.com/upload/sites/designthinkinglab/versions/cf0a8f975180ab41/files/e4efdc797243aa9e799c26989a844d39f33d2c17285612edb5ab12d140a8a724 200
[debug] [2023-09-15T06:27:53.106Z] <<< [apiv2][body] POST https://upload-firebasehosting.googleapis.com/upload/sites/designthinkinglab/versions/cf0a8f975180ab41/files/e4efdc797243aa9e799c26989a844d39f33d2c17285612edb5ab12d140a8a724 [stream]
[debug] [2023-09-15T06:27:53.131Z] <<< [apiv2][status] POST https://upload-firebasehosting.googleapis.com/upload/sites/designthinkinglab/versions/cf0a8f975180ab41/files/9832cdc3831b467ba18bab633acfaa003dd8264ce2108ef45a0d91facaf87550 200
[debug] [2023-09-15T06:27:53.131Z] <<< [apiv2][body] POST https://upload-firebasehosting.googleapis.com/upload/sites/designthinkinglab/versions/cf0a8f975180ab41/files/9832cdc3831b467ba18bab633acfaa003dd8264ce2108ef45a0d91facaf87550 [stream]
[debug] [2023-09-15T06:27:53.168Z] <<< [apiv2][status] POST https://upload-firebasehosting.googleapis.com/upload/sites/designthinkinglab/versions/cf0a8f975180ab41/files/aff3449bdc238776f5d6d967f19ec491b36aed5fb7f23ccff6500736fd58494a 200
[debug] [2023-09-15T06:27:53.168Z] <<< [apiv2][body] POST https://upload-firebasehosting.googleapis.com/upload/sites/designthinkinglab/versions/cf0a8f975180ab41/files/aff3449bdc238776f5d6d967f19ec491b36aed5fb7f23ccff6500736fd58494a [stream]
[debug] [2023-09-15T06:27:53.364Z] <<< [apiv2][status] POST https://upload-firebasehosting.googleapis.com/upload/sites/designthinkinglab/versions/cf0a8f975180ab41/files/daa499dd96d8229e73235345702ba32f0793f0c8e5c0d30e40e37a5872be57aa 200
[debug] [2023-09-15T06:27:53.365Z] <<< [apiv2][body] POST https://upload-firebasehosting.googleapis.com/upload/sites/designthinkinglab/versions/cf0a8f975180ab41/files/daa499dd96d8229e73235345702ba32f0793f0c8e5c0d30e40e37a5872be57aa [stream]
[debug] [2023-09-15T06:27:53.751Z] <<< [apiv2][status] POST https://upload-firebasehosting.googleapis.com/upload/sites/designthinkinglab/versions/cf0a8f975180ab41/files/321c3f453ff81ff73c4645f23a6850b81ca8e9c6bf057a0db5ccda121fae1cff 200
[debug] [2023-09-15T06:27:53.751Z] <<< [apiv2][body] POST https://upload-firebasehosting.googleapis.com/upload/sites/designthinkinglab/versions/cf0a8f975180ab41/files/321c3f453ff81ff73c4645f23a6850b81ca8e9c6bf057a0db5ccda121fae1cff [stream]
[debug] [2023-09-15T06:27:53.910Z] <<< [apiv2][status] POST https://upload-firebasehosting.googleapis.com/upload/sites/designthinkinglab/versions/cf0a8f975180ab41/files/c0c3ca761ab7415a9b5929dff1d2cd8287c443d0b5a6b624dc6aef75e0d13d79 200
[debug] [2023-09-15T06:27:53.910Z] <<< [apiv2][body] POST https://upload-firebasehosting.googleapis.com/upload/sites/designthinkinglab/versions/cf0a8f975180ab41/files/c0c3ca761ab7415a9b5929dff1d2cd8287c443d0b5a6b624dc6aef75e0d13d79 [stream]
[debug] [2023-09-15T06:27:54.355Z] <<< [apiv2][status] POST https://upload-firebasehosting.googleapis.com/upload/sites/designthinkinglab/versions/cf0a8f975180ab41/files/84b51143ad9066b0cc5ebb227dd45f9ab0f375da66e8f17908a7bc5db35c57d8 200
[debug] [2023-09-15T06:27:54.355Z] <<< [apiv2][body] POST https://upload-firebasehosting.googleapis.com/upload/sites/designthinkinglab/versions/cf0a8f975180ab41/files/84b51143ad9066b0cc5ebb227dd45f9ab0f375da66e8f17908a7bc5db35c57d8 [stream]
[debug] [2023-09-15T06:27:55.326Z] <<< [apiv2][status] POST https://upload-firebasehosting.googleapis.com/upload/sites/designthinkinglab/versions/cf0a8f975180ab41/files/750d08e52e42539385d3dc946cb175adf782f83eb5aee9a0c8ce462102ca0dbc 200
[debug] [2023-09-15T06:27:55.326Z] <<< [apiv2][body] POST https://upload-firebasehosting.googleapis.com/upload/sites/designthinkinglab/versions/cf0a8f975180ab41/files/750d08e52e42539385d3dc946cb175adf782f83eb5aee9a0c8ce462102ca0dbc [stream]
[debug] [2023-09-15T06:27:55.490Z] <<< [apiv2][status] POST https://upload-firebasehosting.googleapis.com/upload/sites/designthinkinglab/versions/cf0a8f975180ab41/files/f552b21368be43ba5924689a70855eb563effcf966a2bdac64f0de1b8725a172 200
[debug] [2023-09-15T06:27:55.490Z] <<< [apiv2][body] POST https://upload-firebasehosting.googleapis.com/upload/sites/designthinkinglab/versions/cf0a8f975180ab41/files/f552b21368be43ba5924689a70855eb563effcf966a2bdac64f0de1b8725a172 [stream]
[debug] [2023-09-15T06:27:59.320Z] <<< [apiv2][status] POST https://upload-firebasehosting.googleapis.com/upload/sites/designthinkinglab/versions/cf0a8f975180ab41/files/44e772d1a75ce4866090372a20e194aebf6647ef9ed5ca275c8fa861ef6ea853 200
[debug] [2023-09-15T06:27:59.321Z] <<< [apiv2][body] POST https://upload-firebasehosting.googleapis.com/upload/sites/designthinkinglab/versions/cf0a8f975180ab41/files/44e772d1a75ce4866090372a20e194aebf6647ef9ed5ca275c8fa861ef6ea853 [stream]
[debug] [2023-09-15T06:28:06.896Z] <<< [apiv2][status] POST https://upload-firebasehosting.googleapis.com/upload/sites/designthinkinglab/versions/cf0a8f975180ab41/files/700585e3bff75687c93a26677d6fd53879eb35e39b3c80ab364df0714152385a 200
[debug] [2023-09-15T06:28:06.896Z] <<< [apiv2][body] POST https://upload-firebasehosting.googleapis.com/upload/sites/designthinkinglab/versions/cf0a8f975180ab41/files/700585e3bff75687c93a26677d6fd53879eb35e39b3c80ab364df0714152385a [stream]
[debug] [2023-09-15T06:28:08.200Z] <<< [apiv2][status] POST https://upload-firebasehosting.googleapis.com/upload/sites/designthinkinglab/versions/cf0a8f975180ab41/files/8c21124cda436444effacf424dcfc8832b45f43d15baf040770c4ce2e1b1d828 200
[debug] [2023-09-15T06:28:08.201Z] <<< [apiv2][body] POST https://upload-firebasehosting.googleapis.com/upload/sites/designthinkinglab/versions/cf0a8f975180ab41/files/8c21124cda436444effacf424dcfc8832b45f43d15baf040770c4ce2e1b1d828 [stream]
[debug] [2023-09-15T06:28:08.848Z] <<< [apiv2][status] POST https://upload-firebasehosting.googleapis.com/upload/sites/designthinkinglab/versions/cf0a8f975180ab41/files/d3eab8f2eb31893d1c30bf68219cd57d26847e2898bfeb34e1742d08373cc398 200
[debug] [2023-09-15T06:28:08.848Z] <<< [apiv2][body] POST https://upload-firebasehosting.googleapis.com/upload/sites/designthinkinglab/versions/cf0a8f975180ab41/files/d3eab8f2eb31893d1c30bf68219cd57d26847e2898bfeb34e1742d08373cc398 [stream]
[debug] [2023-09-15T06:28:11.669Z] <<< [apiv2][status] POST https://upload-firebasehosting.googleapis.com/upload/sites/designthinkinglab/versions/cf0a8f975180ab41/files/536a6959ecd355907c226c8e4323a6ecfdbb547e7bfd519ece567860b133ffd7 200
[debug] [2023-09-15T06:28:11.670Z] <<< [apiv2][body] POST https://upload-firebasehosting.googleapis.com/upload/sites/designthinkinglab/versions/cf0a8f975180ab41/files/536a6959ecd355907c226c8e4323a6ecfdbb547e7bfd519ece567860b133ffd7 [stream]
[debug] [2023-09-15T06:28:19.090Z] *** [apiv2] error from fetch(https://upload-firebasehosting.googleapis.com/upload/sites/designthinkinglab/versions/cf0a8f975180ab41/files/fbffa19717d8a05a794cdebc2e584982659f3b2470d963044f90dca18fd2ecfa, {"headers":{},"method":"POST","signal":{},"body":{"_writeState":{"0":7991,"1":0},"_readableState":{"objectMode":false,"highWaterMark":16384,"buffer":{"head":null,"tail":null,"length":0},"length":0,"pipes":[],"flowing":false,"ended":true,"endEmitted":true,"reading":false,"constructed":true,"sync":false,"needReadable":false,"emittedReadable":false,"readableListening":false,"resumeScheduled":false,"errorEmitted":false,"emitClose":true,"autoDestroy":true,"destroyed":true,"errored":null,"closed":true,"closeEmitted":true,"defaultEncoding":"utf8","awaitDrainWriters":null,"multiAwaitDrain":false,"readingMore":false,"dataEmitted":true,"decoder":null,"encoding":null},"_events":{},"_eventsCount":2,"_writableState":{"objectMode":false,"highWaterMark":16384,"finalCalled":true,"needDrain":false,"ending":true,"ended":true,"finished":true,"destroyed":true,"decodeStrings":true,"defaultEncoding":"utf8","length":0,"writing":false,"corked":0,"sync":false,"bufferProcessing":false,"writecb":null,"writelen":0,"afterWriteTickInfo":null,"buffered":[],"bufferedIndex":0,"allBuffers":true,"allNoop":true,"pendingcb":0,"constructed":true,"prefinished":true,"errorEmitted":false,"emitClose":true,"autoDestroy":true,"errored":null,"closed":true,"closeEmitted":true},"allowHalfOpen":true,"bytesWritten":929240,"_handle":null,"_outBuffer":{"type":"Buffer","data":[188,77,156,140,187,91,234,235,207,45,122,74,198,101,86,249,27,71,214,121,230,235,121,44,159,77,96,231,180,231,145,244,119,18,39,152,213,126,217,47,120,7,220,188,172,1,238,51,113,132,132,134,171,221,134,115,46,27,237,52,127,5,6,2,240,229,116,253,148,14,27,114,185,74,24,87,243,169,43,20,153,42,140,111,248,253,252,126,46,227,138,240,85,139,230,25,158,169,87,223,89,228,124,230,148,207,109,239,116,253,47,66,36,17,154,75,229,154,153,233,99,20,247,190,219,58,191,167,105,243,26,80,105,197,6,59,243,92,147,154,46,230,206,89,25,14,210,236,151,76,236,113,106,105,164,131,130,29,55,199,205,106,154,159,168,249,211,180,113,95,72,9,253,186,116,233,180,200,251,113,209,95,56,215,15,119,50,63,11,211,180,224,58,92,139,189,224,41,169,103,77,229,67,242,67,103,13,179,159,88,9,21,226,110,26,231,228,166,14,42,209,59,47,117,46,137,79,159,211,83,235,174,201,48,184,103,55,59,2,77,138,125,47,249,49,50,140,105,103,229,214,40,11,173,62,134,76,53,237,199,161,87,17,141,110,28,245,40,59,14,114,71,57,177,123,141,90,64,80,65,47,3,128,126,174,50,219,73,239,75,209,190,154,185,245,214,37,144,32,127,41,213,220,166,191,187,184,34,205,28,42,82,18,252,130,193,88,67,80,108,117,34,243,71,238,234,133,172,115,66,99,255,244,232,178,68,64,252,210,105,251,58,63,69,139,237,214,202,190,167,251,78,226,226,134,110,248,2,128,51,159,137,211,218,220,50,169,200,30,167,194,190,179,207,93,126,56,137,150,210,165,224,93,148,240,218,119,218,246,152,91,162,209,103,24,157,171,155,28,169,86,66,254,132,183,77,29,7,61,175,54,234,181,9,94,229,213,229,227,54,0,54,252,124,186,12,126,240,50,199,135,175,156,125,244,56,16,85,139,16,85,126,254,105,36,102,230,28,85,70,251,155,127,109,6,7,164,43,168,57,170,69,215,239,87,9,91,147,12,247,24,42,46,80,247,181,181,179,116,197,72,102,217,43,125,243,157,173,249,232,138,109,78,197,42,65,231,189,91,137,169,168,31,66,195,100,106,28,167,43,139,103,238,155,46,31,46,174,226,165,36,253,146,88,249,76,237,200,60,47,28,156,244,47,231,242,84,15,59,153,77,106,171,148,231,99,215,202,86,169,177,90,3,34,208,190,70,62,197,59,248,41,236,24,160,61,195,108,201,254,249,150,242,61,27,248,78,66,11,215,255,59,246,80,79,190,248,188,164,116,69,151,242,78,114,19,193,51,196,24,247,239,232,197,197,159,87,170,123,131,16,253,169,147,252,57,179,225,195,71,231,116,39,132,134,107,55,195,126,170,125,182,207,209,173,73,158,87,149,32,54,29,137,147,180,24,46,180,123,150,61,177,178,116,203,7,26,159,252,182,183,159,207,40,86,165,70,93,137,198,225,163,33,129,245,220,106,150,197,251,141,206,89,22,124,19,95,107,54,122,240,123,16,145,20,167,187,57,115,254,144,218,98,242,196,7,150,234,90,105,101,206,172,195,40,200,153,132,208,23,203,99,166,215,229,62,80,54,53,169,83,206,101,218,103,135,182,34,99,153,46,79,45,68,27,157,177,236,217,5,5,174,36,42,128,249,190,210,188,24,21,240,90,115,209,83,147,30,174,173,105,202,236,115,26,108,230,216,245,49,210,179,112,66,21,23,211,54,115,38,121,6,150,100,223,59,127,160,230,71,170,115,206,33,123,225,120,121,127,80,238,25,180,115,58,173,48,175,252,82,239,162,101,253,146,121,181,64,69,199,177,40,90,181,96,88,61,49,20,252,195,233,217,119,141,39,187,92,78,61,131,25,10,179,203,201,29,186,53,7,99,205,37,146,30,13,73,170,197,49,117,244,226,179,161,212,180,4,125,215,85,124,78,83,71,216,100,26,68,107,221,41,129,100,65,55,109,11,125,163,126,183,223,171,69,78,158,26,202,185,172,98,196,95,126,76,150,163,85,98,25,138,54,19,149,39,114,150,208,37,4,98,69,127,4,48,172,126,86,89,163,72,166,55,144,85,198,120,243,145,128,73,204,174,179,247,249,241,219,138,238,234,2,85,10,52,139,112,35,186,132,178,182,108,193,175,54,239,250,100,167,105,9,249,24,116,152,117,114,38,8,73,17,118,17,43,181,193,234,131,245,5,132,108,20,95,123,188,133,170,16,147,229,215,92,184,18,101,3,225,94,17,15,76,76,254,0,240,68,82,241,89,10,163,112,69,199,23,58,67,52,171,74,170,67,204,34,63,129,164,213,25,55,175,59,37,220,203,212,85,170,130,105,146,149,126,138,89,121,103,186,100,169,171,212,152,127,82,103,231,26,92,235,180,149,81,30,248,230,150,2,144,168,41,104,132,145,228,25,55,191,125,227,36,143,135,102,28,173,248,93,152,179,58,224,38,210,231,44,204,169,136,92,227,201,24,1,133,126,15,66,232,220,38,159,194,192,156,2,243,55,178,149,206,234,140,151,181,73,33,38,232,52,204,172,238,7,184,254,145,148,115,30,183,189,227,115,216,168,112,238,167,93,177,68,76,200,241,159,165,9,140,253,172,220,115,27,63,152,114,205,78,205,24,162,149,68,135,186,121,99,197,206,100,245,205,101,165,24,100,79,176,83,37,238,27,135,202,84,127,64,180,178,172,88,90,8,206,116,122,238,7,192,83,107,24,12,138,138,72,167,131,72,85,43,49,230,91,101,5,104,114,63,99,137,229,33,37,86,46,208,192,108,22,9,190,137,56,194,74,10,191,220,177,218,80,98,25,11,136,176,168,127,177,18,129,234,250,37,124,145,41,66,156,2,55,175,17,33,70,79,63,76,184,203,84,34,74,70,152,92,226,131,10,240,203,168,235,8,163,56,89,138,153,247,139,113,187,4,106,175,89,106,160,187,59,183,231,145,156,247,51,1,84,78,202,68,236,222,189,45,154,96,107,120,13,219,61,16,42,135,36,191,83,90,102,133,220,219,185,198,131,223,227,151,82,196,106,136,113,17,237,245,83,27,102,92,51,35,18,235,213,42,190,197,67,79,214,205,83,182,170,8,94,143,14,79,51,216,130,235,138,70,112,11,165,56,143,219,68,199,43,47,230,54,211,118,81,13,104,251,214,47,223,43,17,21,145,151,190,17,9,215,36,235,49,136,48,95,219,102,54,5,164,252,70,178,49,123,55,54,100,172,255,142,228,167,95,73,41,105,148,101,122,86,233,251,204,117,29,173,81,253,108,231,179,223,54,61,31,82,59,197,132,159,143,5,68,15,39,244,10,210,37,97,210,64,134,213,146,211,185,49,234,105,8,232,204,54,205,129,51,70,164,70,70,112,207,103,105,29,45,26,55,211,170,100,19,10,203,249,245,79,245,10,198,216,83,34,63,95,48,15,10,215,237,115,206,112,115,97,206,10,136,88,46,209,231,237,234,79,30,32,101,16,178,123,216,193,112,2,181,39,249,22,233,167,160,162,202,225,153,171,145,78,153,8,126,126,68,153,67,137,241,69,236,62,46,196,72,4,162,57,8,62,42,246,69,147,101,73,218,144,95,91,212,222,134,100,106,91,59,175,82,181,116,76,91,159,82,244,223,206,177,201,97,176,244,4,81,21,156,131,174,26,12,24,194,109,80,7,108,86,156,90,226,146,43,66,108,102,63,57,87,251,125,187,222,18,45,214,239,106,252,210,162,242,212,5,233,228,43,217,84,94,91,126,216,114,68,0,1,61,187,93,191,238,183,95,166,95,133,41,154,208,9,111,42,78,116,90,3,60,177,188,152,50,163,202,196,141,89,244,105,114,92,188,43,226,29,195,12,42,7,38,144,28,143,252,101,91,97,186,123,165,177,137,81,20,213,182,67,67,228,170,161,212,47,159,212,236,228,180,119,222,54,72,82,243,89,23,99,41,238,54,200,80,116,154,114,206,39,210,244,37,107,207,43,216,172,215,71,124,56,114,14,214,123,138,214,19,159,224,85,215,31,230,137,177,200,87,26,170,208,218,61,217,36,24,98,185,78,132,185,248,21,226,119,99,145,85,188,194,11,97,110,161,153,180,95,128,121,111,254,222,36,15,144,5,146,68,40,73,134,219,206,37,69,14,31,81,81,247,109,201,26,39,33,104,27,219,78,136,74,40,166,6,170,255,112,82,248,0,114,40,155,86,130,227,29,6,156,45,152,124,123,43,10,255,18,211,43,217,39,178,58,117,242,57,157,87,164,93,239,144,107,94,156,161,193,183,69,5,157,15,239,196,49,63,163,113,80,43,76,144,43,149,238,78,162,206,151,88,17,100,27,19,140,73,201,171,216,162,133,218,73,226,242,133,248,34,53,104,217,223,40,73,102,178,153,231,106,72,110,45,166,201,48,10,241,126,189,240,128,111,246,87,59,113,16,95,32,79,253,170,180,202,236,40,216,144,231,213,26,100,85,175,90,188,111,200,143,129,194,221,86,210,250,213,87,59,65,65,29,224,122,37,219,70,24,153,131,163,222,20,35,251,210,235,141,214,179,32,55,84,36,239,23,17,216,140,132,170,70,44,120,54,206,20,88,50,135,177,121,35,114,87,84,115,149,240,56,59,9,228,140,60,199,20,121,136,0,188,237,175,23,164,94,158,116,88,173,2,212,254,114,159,153,70,49,140,74,160,177,248,210,56,126,20,62,253,14,45,21,229,163,204,3,244,193,104,33,162,217,89,163,101,29,236,191,226,0,229,162,160,182,238,6,83,14,156,136,48,177,213,47,28,92,165,99,49,216,95,209,163,199,146,87,26,234,216,59,240,75,84,55,62,62,131,228,173,74,126,33,111,203,5,65,119,144,196,12,124,205,192,83,76,200,125,4,111,178,156,232,222,22,188,22,154,91,23,101,83,148,24,175,216,53,208,5,75,124,8,142,88,154,178,136,161,138,33,27,114,237,15,206,120,254,53,216,234,199,208,220,186,114,149,91,206,139,232,185,69,134,246,136,236,91,155,250,81,169,185,170,197,212,14,59,111,180,103,53,145,112,13,48,82,69,250,150,221,111,181,183,204,8,120,132,67,155,18,151,139,30,175,84,87,92,61,48,39,74,172,179,96,172,37,247,7,212,245,105,201,172,150,114,71,109,18,130,89,158,159,165,77,4,11,116,84,138,227,149,55,138,80,25,242,190,102,174,137,219,111,61,99,182,122,63,96,139,100,147,191,14,81,126,166,53,21,252,201,84,132,225,149,204,199,165,48,58,27,252,144,109,202,125,43,234,145,62,153,38,219,175,112,146,226,199,229,230,191,121,218,98,204,110,188,114,91,170,75,17,15,51,112,196,247,13,140,206,118,205,3,200,51,160,93,85,211,215,162,253,173,171,158,78,132,204,170,166,125,139,47,37,68,215,215,230,9,241,200,181,160,129,60,122,56,245,188,117,151,243,165,152,108,191,189,221,176,190,151,132,147,167,31,56,20,134,230,189,243,231,176,174,37,195,148,2,205,50,33,100,238,101,90,153,152,101,117,235,162,123,218,174,255,172,171,184,14,2,196,141,94,133,197,95,231,227,119,28,214,127,155,138,233,151,203,84,209,207,49,178,83,8,103,49,56,169,166,193,122,142,61,95,146,139,31,119,212,166,84,255,98,146,246,186,112,187,98,213,254,119,178,42,0,152,23,144,12,114,201,107,127,246,196,72,162,244,12,189,177,48,202,172,169,114,77,95,181,156,213,83,241,168,182,195,63,169,135,109,235,96,122,149,76,57,149,19,48,47,204,20,131,63,40,39,223,79,223,172,211,100,74,197,168,202,76,9,114,32,238,12,65,179,24,205,253,61,150,100,46,133,223,110,95,39,90,70,176,67,56,128,107,101,40,103,163,82,192,88,198,223,204,60,53,52,220,244,107,243,142,131,241,156,53,3,158,167,62,125,193,234,188,204,142,209,145,44,223,222,200,47,228,139,246,114,255,74,198,115,50,52,85,4,143,36,12,71,69,149,140,239,217,251,178,216,206,39,80,7,72,27,144,197,88,128,55,247,34,107,73,156,42,246,218,128,244,171,206,162,77,105,139,178,24,94,201,39,199,249,234,65,17,254,141,222,173,27,21,107,105,111,233,55,120,81,148,252,230,133,49,193,84,193,228,26,188,240,147,159,34,155,240,248,18,213,107,22,169,104,179,92,18,177,233,42,185,208,145,211,246,13,135,186,158,145,108,16,198,2,106,147,79,213,28,65,22,101,220,95,222,10,19,243,57,148,165,152,197,85,173,196,16,123,17,66,229,198,243,62,209,49,201,22,172,7,146,147,169,42,141,100,132,180,138,122,117,180,138,186,206,71,80,14,79,207,86,120,135,125,85,193,92,173,167,180,252,125,253,37,82,29,163,85,139,35,156,235,9,161,119,28,234,83,77,120,56,1,117,152,187,226,132,198,7,5,46,0,185,55,120,172,89,64,150,225,228,23,203,171,168,68,113,195,161,254,33,194,190,95,188,68,61,227,234,32,197,17,251,113,20,144,167,153,171,228,103,71,121,89,74,101,25,214,119,180,140,2,242,103,225,83,159,18,149,224,159,40,190,88,141,235,15,114,131,226,250,95,121,234,36,26,125,49,172,254,229,213,193,44,141,199,162,56,162,191,141,244,214,146,105,95,169,50,57,181,67,19,254,152,236,61,255,90,49,68,99,212,241,93,213,226,142,64,15,72,226,34,147,173,93,173,107,246,99,75,93,220,171,221,26,183,41,146,141,50,23,173,182,21,183,242,84,190,86,172,200,99,9,19,91,151,229,161,202,161,244,231,250,27,50,114,165,69,155,219,167,246,161,38,166,126,216,61,120,84,111,28,48,44,127,45,171,191,99,82,209,179,97,19,80,18,235,26,15,225,98,21,6,217,35,236,177,207,203,131,232,232,143,154,136,11,118,244,126,17,66,102,106,199,132,0,230,162,101,155,226,170,221,67,22,181,173,38,253,17,128,169,104,132,236,38,29,173,252,26,189,145,24,22,6,113,93,101,74,218,213,189,222,32,58,45,191,143,129,33,28,172,73,91,111,253,46,117,21,45,224,209,0,154,184,22,9,223,198,94,161,82,190,32,100,178,90,198,66,120,162,185,2,189,21,154,212,35,228,12,104,33,202,204,254,116,116,61,237,184,178,167,37,210,25,136,195,132,235,93,97,185,161,157,133,241,85,230,6,49,49,145,110,125,187,187,120,163,240,89,251,132,46,91,212,114,47,82,214,180,184,72,93,231,28,154,249,147,112,180,239,14,93,38,27,71,2,254,122,40,177,11,242,174,172,28,94,117,163,233,98,198,35,92,38,41,156,9,1,243,161,223,250,210,214,19,12,18,218,196,36,115,235,157,104,179,188,8,178,210,24,78,250,95,202,37,193,149,148,219,193,153,72,208,49,24,116,109,189,41,125,27,243,153,194,167,17,28,117,177,219,36,237,96,241,214,16,161,186,33,38,151,83,217,165,125,78,158,212,59,209,212,238,87,42,134,157,145,178,197,40,165,231,249,73,102,204,231,77,93,203,46,157,95,220,191,187,119,190,35,229,11,27,28,126,23,227,98,240,34,197,61,63,42,161,131,11,148,145,9,89,213,170,101,139,39,26,28,117,162,34,93,6,210,245,244,175,185,110,229,236,30,97,101,223,248,197,129,70,195,70,249,139,109,231,200,172,0,37,190,248,133,55,91,204,148,71,47,125,252,247,56,19,131,250,101,168,182,103,99,22,228,36,128,36,183,78,217,183,18,66,97,84,107,97,210,159,203,102,248,220,213,137,230,51,16,227,63,98,160,239,24,48,29,81,247,12,144,254,110,131,91,14,65,51,145,200,139,147,34,142,153,76,144,144,52,85,250,42,177,160,176,137,74,17,151,36,202,70,161,243,238,149,56,147,179,15,141,61,216,111,80,135,72,118,168,139,40,38,127,174,241,114,207,128,54,4,220,255,202,243,92,109,107,201,7,179,128,154,50,170,124,225,87,9,172,53,215,246,5,178,173,30,207,187,188,139,98,103,225,204,184,126,51,94,165,219,81,202,157,15,86,113,123,156,145,185,169,232,178,165,187,57,71,109,73,163,189,1,110,161,219,75,58,221,203,34,103,123,120,112,54,136,189,22,108,13,237,147,151,227,63,156,72,76,197,249,131,17,114,173,227,181,113,168,137,140,34,208,188,7,159,12,248,186,113,200,149,83,165,68,241,234,178,135,178,136,81,63,11,58,31,141,151,126,118,88,236,168,86,77,32,32,158,86,226,180,135,214,38,85,138,229,64,141,118,73,77,51,221,244,83,76,86,25,173,167,216,35,107,249,37,113,42,188,168,158,82,147,173,209,105,22,174,125,189,60,221,204,80,2,202,166,139,174,250,196,234,176,244,166,156,188,152,159,188,160,245,141,114,169,98,228,100,32,131,27,233,219,128,219,171,218,100,135,41,196,247,11,238,69,57,62,150,159,45,98,237,172,38,246,111,185,76,234,175,252,123,205,246,210,74,228,241,108,121,190,84,205,100,193,190,199,39,196,169,19,204,14,101,209,50,243,40,118,189,255,9,118,117,173,170,215,209,245,19,11,31,6,144,119,139,59,216,52,110,248,161,121,225,242,249,169,48,209,127,78,208,176,200,170,38,254,225,171,212,111,177,126,169,82,129,162,195,37,169,195,140,199,111,190,136,205,170,91,16,163,92,32,166,38,204,91,225,246,174,170,245,44,1,36,105,88,247,212,58,189,106,126,181,191,190,228,115,10,86,141,238,84,121,93,13,193,165,196,184,163,145,166,252,249,134,187,82,203,119,184,213,143,92,29,222,105,252,54,47,236,75,222,127,57,203,78,111,233,67,70,248,170,75,50,50,221,104,109,178,74,237,249,106,218,170,78,161,120,162,36,24,135,47,3,24,131,154,210,177,186,235,147,77,47,59,95,149,118,55,88,75,47,32,111,168,82,163,33,193,101,102,243,137,144,186,242,104,207,158,101,99,119,46,216,249,234,11,106,93,243,201,94,127,110,65,196,79,27,164,187,113,166,122,96,169,53,87,28,70,125,227,121,79,29,155,128,96,114,113,64,25,194,173,99,70,90,15,238,60,209,68,158,128,254,217,77,120,60,111,229,32,222,180,137,195,161,27,107,47,223,139,21,216,155,223,81,252,113,44,146,83,73,187,106,89,118,75,103,214,26,156,202,68,5,40,90,194,213,214,250,63,13,171,235,105,224,47,224,218,93,76,39,140,208,47,139,7,211,220,151,11,248,61,222,236,117,126,188,84,158,119,59,112,107,249,162,82,89,59,97,39,115,36,173,177,35,188,112,102,215,177,200,206,7,207,221,249,222,213,44,196,1,121,209,235,187,219,38,168,229,112,65,53,212,98,50,112,165,163,107,69,201,210,168,98,12,31,41,74,170,147,250,226,187,109,138,47,138,172,208,112,29,54,43,117,163,121,103,163,241,162,158,111,32,191,254,158,154,23,59,104,15,186,253,107,152,226,227,107,105,244,49,98,220,209,236,11,202,68,39,54,141,62,26,84,27,154,126,83,25,7,243,2,74,196,51,164,215,36,165,177,168,160,153,239,87,207,114,7,174,64,79,150,155,85,2,215,139,42,58,186,174,146,186,158,44,248,87,56,42,10,227,241,157,234,58,106,52,49,145,24,196,24,237,169,64,92,7,37,171,109,11,162,10,73,202,42,50,47,35,65,2,251,230,72,71,149,148,175,48,67,41,93,251,15,240,167,138,249,196,222,213,165,28,168,254,12,107,164,222,51,7,123,123,211,16,19,182,135,80,220,82,91,66,148,26,240,62,108,87,41,212,196,62,123,57,102,228,86,38,252,37,184,90,69,242,39,228,103,36,87,246,228,91,37,7,166,16,144,137,90,224,121,94,20,196,18,63,58,99,244,195,107,122,214,69,135,218,80,38,229,110,23,247,237,14,59,21,169,238,223,33,223,133,249,110,248,193,174,194,241,54,135,190,10,191,252,240,227,87,25,206,135,150,170,19,159,43,1,206,73,148,215,162,9,66,115,110,206,81,22,227,189,174,23,23,63,184,2,103,223,172,108,179,118,3,151,24,70,191,163,241,107,25,43,224,161,172,174,9,30,173,37,218,147,14,215,215,91,27,64,198,52,7,175,44,99,50,103,202,171,122,127,56,133,181,119,69,94,100,194,155,156,246,104,52,59,44,53,147,238,137,29,227,203,185,252,4,191,55,175,16,108,154,20,65,150,102,137,177,34,165,206,129,166,216,104,36,209,208,185,129,182,245,114,114,19,95,6,111,187,12,102,157,191,206,194,137,61,234,55,160,143,137,149,86,66,47,73,225,38,13,112,164,113,24,142,165,35,242,121,183,243,225,121,169,81,102,23,200,122,124,49,59,56,0,46,173,1,141,39,107,181,76,42,140,205,241,39,7,243,103,78,239,231,164,167,231,182,223,177,182,235,147,95,116,215,25,173,170,27,170,190,41,162,237,22,76,11,20,76,113,68,202,90,251,129,61,1,221,111,114,125,241,38,201,113,82,235,206,196,17,60,150,65,62,70,49,210,171,244,30,135,208,238,178,79,224,245,171,79,40,97,166,120,162,128,170,68,212,149,173,57,198,216,72,104,236,70,246,224,82,217,221,52,204,105,231,182,236,174,223,154,231,117,188,199,90,3,229,193,201,216,242,108,207,34,68,247,112,43,116,79,142,80,80,37,100,44,125,41,241,181,252,97,71,56,25,54,241,62,67,239,250,238,252,126,233,216,10,150,91,243,73,217,119,85,59,8,246,229,151,243,212,214,174,253,119,148,76,86,139,200,108,134,152,101,238,19,236,183,159,143,91,206,74,190,205,55,79,157,170,78,55,127,53,71,59,25,18,92,62,8,91,38,224,68,35,69,184,168,193,92,60,166,168,175,93,213,64,192,27,227,146,187,179,183,186,221,94,185,220,207,39,75,127,122,126,19,115,126,189,243,253,55,236,0,126,132,135,204,122,222,214,233,192,248,192,121,177,68,136,216,254,202,203,3,207,109,64,67,243,61,183,182,103,202,170,255,188,229,175,178,230,227,198,187,13,247,164,81,95,26,150,76,20,9,35,94,236,255,79,139,173,40,47,206,95,131,111,121,14,182,154,142,207,19,15,138,50,110,55,5,79,15,95,234,232,222,161,186,181,192,151,166,35,166,7,188,96,127,47,181,20,158,52,186,140,209,1,32,175,42,243,26,177,36,141,83,22,26,110,101,137,92,253,163,232,82,155,250,218,244,109,218,107,147,210,146,55,252,157,52,233,215,43,181,87,107,61,183,51,161,225,25,11,181,110,154,65,158,250,147,96,235,25,116,165,195,249,64,9,103,79,87,184,37,161,107,170,223,55,239,186,183,103,4,123,214,142,185,23,108,153,51,81,110,62,140,57,46,93,44,163,36,142,250,146,183,183,246,29,121,54,98,222,19,92,22,252,8,107,188,67,54,193,231,168,251,215,10,107,214,127,41,104,7,61,60,43,234,63,11,103,33,192,255,89,221,172,82,184,226,196,12,110,235,185,59,2,188,39,50,111,155,52,13,149,166,48,115,23,185,47,98,110,96,176,220,38,49,223,5,245,145,24,130,47,34,178,8,170,245,83,85,123,18,182,162,176,85,235,218,29,227,221,224,214,182,215,99,195,99,227,10,152,1,37,166,51,217,234,225,195,36,185,37,156,14,230,138,174,213,61,230,123,70,198,214,235,201,139,231,18,252,102,187,181,220,228,231,135,71,75,141,251,75,87,92,231,205,87,30,110,240,136,94,116,7,208,103,17,114,114,81,105,202,53,7,135,1,240,7,174,157,234,154,203,38,199,226,156,128,18,175,111,238,147,103,108,42,96,176,71,218,193,48,188,87,111,23,220,139,65,227,58,214,159,10,111,184,121,111,232,183,235,216,130,0,167,12,126,105,219,51,116,111,216,85,155,73,186,168,181,133,224,179,122,187,39,47,152,246,92,84,135,142,10,211,17,158,233,81,22,55,78,77,175,188,80,208,70,237,35,205,78,89,171,172,249,70,86,159,112,131,12,39,70,158,156,74,234,216,56,115,71,175,39,179,60,223,68,246,140,129,29,205,85,139,200,233,117,138,202,115,3,89,148,209,247,202,25,113,112,192,139,167,250,169,150,47,183,24,126,228,242,141,98,93,92,255,158,171,80,142,236,129,25,2,35,237,135,165,181,126,15,205,163,60,157,25,26,188,225,224,197,42,61,74,115,116,13,75,219,88,191,170,152,6,173,26,246,96,10,144,42,198,68,21,71,9,162,71,240,26,233,240,97,9,130,29,42,80,77,202,158,199,40,161,37,254,230,123,139,101,141,25,214,88,157,101,167,252,130,152,124,159,30,97,22,199,98,58,13,241,32,39,164,167,83,35,154,83,241,192,255,23,245,251,231,55,89,106,244,90,205,106,133,129,217,228,116,36,131,222,44,204,60,120,140,31,89,63,108,157,15,124,97,99,22,183,138,111,83,105,93,190,131,76,123,88,94,94,114,136,71,188,164,191,48,10,22,46,36,251,184,219,206,214,241,252,231,179,105,66,216,6,202,52,82,57,175,100,121,169,151,50,139,77,6,169,224,11,48,131,18,102,30,81,27,189,85,116,220,211,164,54,164,93,102,252,163,130,69,222,157,4,1,232,166,116,255,101,18,255,184,111,39,42,173,159,254,7,68,204,23,251,243,122,78,203,234,98,246,204,158,89,155,26,161,185,54,166,148,213,210,243,240,146,193,133,84,193,41,206,54,146,89,214,41,90,173,35,180,69,194,75,232,67,147,138,239,76,25,189,209,229,216,130,102,104,206,243,250,227,154,114,198,36,171,34,37,251,120,190,168,233,32,104,3,34,227,94,169,4,13,56,135,202,45,191,119,120,37,236,72,121,184,71,98,26,214,132,124,249,1,53,247,225,255,146,140,206,144,130,41,15,187,70,86,210,149,150,36,49,198,195,115,153,5,53,59,191,35,247,103,71,243,108,0,159,83,170,95,133,209,23,247,248,42,155,233,110,135,242,248,217,198,14,156,118,70,14,10,51,92,23,95,69,191,23,162,51,184,215,211,207,163,223,157,168,218,157,163,217,213,9,140,207,235,209,52,59,86,75,171,76,118,163,204,33,135,200,20,162,139,54,81,75,124,37,221,82,186,219,186,245,88,152,88,158,90,30,241,239,70,155,125,219,106,215,190,31,79,32,106,227,183,55,46,87,139,51,239,71,85,153,139,248,129,65,192,39,238,232,251,201,217,86,125,148,135,111,206,0,255,245,205,123,27,102,218,129,62,25,159,118,201,109,229,85,169,158,23,43,248,196,2,140,85,122,2,134,201,172,43,226,216,216,36,121,47,52,45,15,161,151,73,223,212,208,133,154,243,247,185,253,49,167,11,83,198,215,221,71,68,211,161,242,215,76,124,73,243,8,73,214,120,166,213,212,159,8,25,55,102,141,36,158,203,22,18,169,153,75,184,99,72,125,218,109,234,15,66,25,217,227,27,43,40,140,125,75,186,19,255,118,202,138,227,240,54,125,148,216,193,150,99,238,99,62,169,125,221,134,157,24,153,118,86,200,212,29,245,130,47,124,130,104,224,73,28,99,17,12,164,128,141,253,246,27,30,99,66,114,173,22,143,138,111,87,132,73,205,103,34,198,107,191,104,30,110,213,217,244,173,102,230,84,70,229,81,98,253,233,64,162,177,44,133,36,16,243,185,99,87,87,139,177,187,123,106,227,1,186,241,156,108,106,106,189,34,69,170,211,93,252,111,164,198,39,214,228,227,50,86,243,162,73,47,109,63,79,69,229,226,219,175,16,73,91,214,36,205,229,68,30,246,112,187,15,146,158,217,41,89,172,152,52,191,133,157,146,15,88,48,217,61,29,43,103,72,235,254,70,163,230,44,154,78,247,121,248,5,254,52,19,129,162,20,156,222,201,248,147,51,124,176,120,17,8,137,220,15,79,200,92,225,147,44,225,82,140,197,43,205,152,165,24,228,129,153,24,203,111,157,254,61,199,47,34,226,98,91,103,143,132,123,4,216,64,207,180,101,176,50,133,225,41,124,164,151,224,233,5,159,162,134,38,82,123,222,1,226,237,94,218,122,86,91,7,201,31,17,108,14,179,186,132,125,54,228,168,55,70,83,40,81,85,90,209,250,106,159,235,220,85,152,18,179,166,215,44,103,32,44,2,224,18,170,42,62,189,75,78,213,181,236,64,128,27,83,216,51,78,201,143,95,12,15,202,125,81,57,180,178,146,37,89,86,103,196,128,9,182,32,77,224,204,161,27,164,45,44,98,232,167,157,124,62,68,58,187,224,84,254,82,138,172,244,219,116,156,129,141,188,98,163,184,177,185,106,17,6,172,79,51,204,61,162,92,10,158,85,104,248,197,192,172,143,86,246,224,239,241,200,194,66,205,198,28,128,92,92,93,245,172,66,153,193,87,220,171,212,48,4,92,150,167,148,67,96,213,79,107,107,128,247,14,70,82,232,199,4,31,76,127,71,153,176,234,9,216,238,246,227,226,228,232,184,121,43,59,88,206,215,69,163,239,63,239,5,82,247,141,39,99,139,132,229,100,119,210,126,142,225,34,37,60,140,236,148,229,142,230,202,92,242,234,217,143,236,225,232,165,105,164,87,169,78,34,20,63,3,51,48,99,139,231,106,112,149,229,100,22,184,140,37,37,156,143,22,149,110,23,90,145,150,82,96,214,17,75,181,97,118,197,76,211,171,238,252,88,96,186,194,111,68,13,20,81,15,175,69,180,182,123,202,76,249,122,84,6,60,241,110,231,76,36,155,139,76,50,82,81,153,225,38,22,93,204,83,200,126,84,172,94,144,200,77,49,234,132,149,12,63,178,162,251,170,199,42,198,4,212,80,66,208,130,131,87,21,50,253,210,47,59,57,121,113,254,42,218,62,136,173,50,199,214,209,236,240,243,144,196,212,234,83,158,79,191,2,57,238,50,112,245,224,76,64,20,26,77,123,199,238,14,130,95,188,15,141,98,151,40,106,234,0,98,219,209,103,72,134,151,207,141,71,27,248,85,53,95,233,183,156,101,86,183,215,153,191,170,120,210,220,161,82,40,137,246,155,42,176,82,186,70,69,105,199,213,67,177,110,191,132,187,229,173,235,20,131,252,202,139,130,168,231,61,171,121,142,86,207,17,167,249,25,108,36,64,130,137,115,94,82,151,9,6,58,181,152,158,12,184,145,86,175,91,132,1,217,167,225,21,158,21,19,107,12,93,89,58,58,184,79,42,116,155,171,24,250,92,89,78,190,153,53,159,158,54,239,76,159,79,198,127,219,205,213,119,112,77,172,252,50,179,242,179,160,116,207,26,234,82,228,185,94,80,106,221,104,98,186,128,21,210,5,36,108,244,223,72,52,27,107,111,115,148,46,166,113,211,217,137,25,58,143,131,92,125,144,221,30,186,208,90,106,10,73,34,90,176,28,185,10,70,223,100,217,80,76,8,17,156,64,33,92,198,128,71,73,79,18,146,76,120,237,38,147,211,203,14,196,208,217,39,37,101,172,2,202,107,122,62,221,12,166,190,234,30,153,27,120,162,196,14,22,20,215,42,185,214,239,22,89,88,195,104,67,215,169,121,122,206,81,66,28,174,101,62,218,68,180,255,203,233,215,28,123,79,64,16,245,43,155,96,84,76,145,249,164,137,160,36,128,204,229,199,131,111,199,113,13,63,114,70,202,39,244,196,89,15,113,153,199,139,55,94,154,80,114,11,156,34,219,154,97,229,44,105,233,120,103,239,238,249,135,39,15,173,245,221,110,102,51,204,14,160,202,6,115,73,176,228,225,199,108,238,90,28,239,97,176,247,137,247,5,93,118,33,33,233,59,163,53,11,244,15,126,9,64,183,237,236,116,82,255,245,60,180,2,218,58,188,91,58,67,88,29,196,230,110,150,98,61,149,181,240,133,152,40,185,101,86,169,214,109,123,44,108,173,37,16,47,206,189,223,49,216,97,245,119,122,130,254,155,158,115,172,21,215,143,122,147,28,103,62,153,230,97,193,40,164,236,210,233,27,235,27,111,207,74,92,178,114,244,118,48,105,101,10,241,113,113,24,179,94,85,124,174,5,121,246,77,171,112,136,227,209,214,206,58,87,190,215,60,17,246,22,145,238,27,14,15,13,105,190,238,176,124,50,111,116,77,198,152,20,126,66,18,76,47,192,236,47,242,150,92,212,19,181,139,97,147,99,201,22,161,108,22,130,105,207,210,111,237,166,208,159,211,142,117,195,225,115,221,140,241,139,112,60,244,251,23,187,178,222,108,14,219,9,199,99,76,246,103,77,122,77,46,184,66,57,98,249,155,149,137,84,69,104,157,110,96,18,69,188,201,241,118,27,52,137,40,212,137,28,52,167,236,162,34,108,41,59,251,163,121,207,113,252,99,63,203,139,40,12,233,64,94,156,44,44,63,90,254,215,168,210,129,183,104,43,182,17,151,232,27,250,194,93,3,229,254,149,54,188,111,95,252,88,7,222,114,29,241,23,199,223,73,173,223,81,226,145,149,119,113,61,193,117,125,121,52,107,62,90,233,152,127,253,86,31,48,235,65,118,52,250,254,212,45,208,240,77,129,7,225,145,111,94,129,187,79,191,209,246,249,7,66,62,125,252,67,98,45,61,1,230,79,205,200,152,21,98,88,5,194,223,45,29,43,91,201,98,138,113,128,119,8,188,2,50,224,127,57,204,114,178,209,55,120,184,110,24,2,70,101,254,175,63,114,48,43,43,136,149,220,0,253,191,176,135,103,37,252,217,98,241,95,24,8,10,123,132,177,60,220,232,250,47,140,245,225,166,202,127,97,96,230,199,216,159,219,60,255,45,247,112,15,236,191,48,24,203,35,57,0,11,248,81,191,0,86,240,35,126,32,208,227,113,128,88,30,238,73,253,223,48,0,11,232,17,103,0,11,11,20,242,8,99,125,100,131,123,42,176,199,250,30,174,239,252,27,131,62,92,227,254,23,6,131,61,234,151,149,249,177,28,43,224,95,228,64,204,143,250,96,101,97,6,62,194,88,1,143,219,130,129,143,219,66,88,30,99,80,150,199,250,96,172,143,108,0,102,102,101,125,132,1,254,69,14,248,112,127,230,191,48,208,191,200,177,64,30,217,20,204,10,121,220,7,248,95,228,32,255,34,7,125,188,47,193,176,199,251,13,242,231,241,52,127,97,192,71,62,4,128,128,64,143,49,150,199,54,128,176,130,31,245,11,121,184,146,248,111,12,242,47,114,80,214,71,251,3,2,99,121,212,7,148,25,244,104,255,66,255,60,67,227,47,12,8,120,180,47,161,32,230,71,54,128,178,60,60,136,228,47,140,149,25,242,24,131,61,226,7,5,67,31,243,131,64,30,243,131,129,30,241,131,49,3,31,249,61,12,240,184,95,24,240,49,103,24,16,250,136,51,12,4,125,52,94,24,203,163,28,1,128,177,62,182,51,12,204,242,152,223,195,117,217,127,99,80,192,99,126,176,71,185,238,30,131,253,173,15,200,204,252,136,31,144,25,240,200,159,129,204,64,48,243,35,12,196,2,123,132,177,128,192,143,48,86,32,235,35,12,252,40,31,0,153,33,143,226,3,200,12,133,60,150,131,129,31,241,3,60,142,125,32,0,240,40,111,220,123,223,99,126,0,208,35,63,5,2,254,220,231,227,111,12,246,136,223,67,114,122,132,61,206,7,192,251,32,132,62,194,160,44,143,57,195,64,143,57,195,254,158,103,160,247,217,15,242,8,131,177,66,1,143,48,48,16,242,24,131,64,31,97,16,32,236,49,6,101,126,132,65,65,143,251,128,254,237,67,208,7,87,3,61,198,254,142,75,216,195,76,8,121,140,253,61,191,193,30,102,41,192,99,236,239,249,232,30,3,178,60,214,7,98,102,126,140,177,130,30,97,44,127,207,101,15,24,235,99,46,172,127,231,176,7,12,252,120,108,224,191,115,216,3,6,121,60,14,8,240,241,56,32,144,199,227,128,130,30,143,3,10,125,60,14,24,232,241,56,96,143,109,10,96,102,1,62,198,96,143,198,1,248,243,120,143,191,176,71,249,239,1,99,125,52,14,0,136,249,255,41,236,140,89,27,134,129,48,186,251,87,120,201,92,233,100,221,233,160,20,234,56,89,59,116,44,29,50,100,8,20,2,198,83,127,125,37,37,67,155,55,116,51,15,99,120,248,211,233,228,225,108,100,10,143,250,122,19,153,194,163,53,33,100,70,15,21,122,32,247,222,54,81,122,88,161,71,97,78,35,122,41,111,145,164,135,59,60,106,161,132,135,196,32,100,25,30,34,161,144,41,60,36,197,137,76,225,33,147,4,50,131,135,100,161,71,54,122,104,162,135,114,237,139,37,122,152,211,163,76,244,40,78,143,62,142,232,47,171,75,63,145,101,120,164,254,87,187,71,166,240,72,232,195,26,227,243,92,152,141,26,13,120,56,246,143,218,109,8,106,83,12,5,53,39,246,33,75,143,44,35,167,177,53,138,96,5,190,109,73,39,50,212,141,26,171,223,153,220,214,211,229,235,188,222,166,86,92,175,219,120,31,222,213,7,223,232,253,122,25,63,158,95,179,204,106,135,165,181,193,71,147,178,148,154,147,220,122,249,121,239,179,135,151,241,255,91,62,135,167,247,203,247,185,31,28,251,215,246,211,186,245,179,164,75,109,160,100,216,237,14,111,199,225,7,29,196,164,149,216,45,14,0,190,38,52,31,241,181,36,175,87,200,46,172,112,217,163,141,110,79,92,144,44,152,145,232,94,175,89,167,99,125,44,0,146,191,154,210,230,152,16,240,24,217,76,167,251,97,85,2,168,92,227,146,149,66,252,115,85,238,204,61,226,232,189,192,242,199,228,41,17,27,190,20,145,164,27,39,246,245,18,159,171,206,248,25,40,43,203,61,199,25,195,235,163,96,16,247,194,79,0,65,94,54,66,39,100,99,65,34,149,96,173,152,40,42,8,63,123,130,225,165,58,233,144,162,86,41,70,148,68,37,160,71,114,232,235,108,237,103,67,172,92,97,13,247,224,85,148,204,13,111,126,157,26,18,83,109,131,157,58,203,80,136,202,179,71,248,137,70,97,133,177,247,77,158,104,49,10,162,75,78,107,241,181,88,139,146,85,11,82,199,154,32,49,125,71,114,25,57,144,57,111,71,115,19,171,145,193,140,183,150,160,126,36,155,131,66,32,73,140,254,56,200,120,65,94,192,66,56,229,34,80,124,208,215,47,227,251,179,3,36,229,9,247,67,27,72,104,62,223,116,232,207,15,112,149,7,70,29,58,134,227,223,81,8,176,151,199,250,95,179,186,227,12,122,26,112,61,85,129,185,113,105,49,109,211,239,83,100,50,114,99,132,5,155,187,46,15,6,132,86,134,253,130,45,30,181,160,139,231,17,112,107,177,161,60,25,92,80,199,37,162,233,101,227,156,43,253,152,22,147,236,171,153,6,195,140,247,237,145,109,163,139,230,96,151,187,216,226,93,118,195,25,159,254,130,197,72,98,162,166,173,45,104,125,194,209,52,163,200,119,22,57,188,103,190,170,143,108,175,240,136,118,59,253,113,59,82,229,27,9,140,160,28,46,93,3,82,114,189,73,246,61,225,169,242,0,251,192,83,228,144,206,135,156,248,130,65,56,82,131,51,185,225,140,34,145,33,253,15,94,223,233,51,19,84,138,56,91,113,99,22,27,132,94,213,198,165,77,98,29,239,206,222,99,120,210,179,235,131,225,23,54,252,92,251,189,26,104,95,141,117,55,195,152,102,170,231,219,8,227,91,182,78,172,21,34,78,165,177,33,15,218,243,14,100,202,143,108,184,61,137,185,138,156,76,156,187,129,66,92,200,137,220,217,150,143,247,76,104,132,22,0,94,254,179,79,113,62,210,36,181,52,147,52,70,123,246,198,32,99,98,118,221,91,162,10,76,221,11,186,234,168,162,16,205,100,223,209,218,138,249,10,239,165,119,11,199,7,155,254,211,99,164,34,242,10,251,165,86,231,184,185,190,135,185,123,104,194,131,95,218,104,198,177,60,214,135,106,61,10,239,170,13,46,184,102,94,70,160,118,188,248,65,117,175,149,74,215,194,50,46,83,113,169,213,253,144,60,215,183,221,76,230,77,110,55,0,253,176,101,43,104,218,205,74,90,65,14,241,73,101,128,118,148,34,49,180,33,205,109,195,186,93,242,161,26,30,190,67,150,18,240,222,56,80,160,185,86,95,8,221,157,241,107,244,73,192,61,254,50,242,222,120,125,191,80,227,231,76,28,177,25,52,239,145,95,48,17,127,99,96,233,32,0,104,97,242,63,88,108,200,82,24,180,201,125,72,28,129,4,23,66,63,254,28,248,245,142,20,134,60,71,198,211,144,157,4,186,81,11,110,66,111,178,92,34,177,65,16,39,69,203,11,219,60,219,116,22,20,38,138,144,31,196,140,24,7,247,216,95,48,62,178,219,48,113,17,142,89,31,64,82,47,21,45,75,98,105,31,192,63,252,37,49,184,103,254,54,75,60,194,43,64,51,75,173,27,191,168,72,148,20,71,113,66,199,61,150,96,128,235,237,41,85,247,196,183,93,253,35,97,180,215,199,109,46,63,62,188,228,225,187,170,167,98,148,202,108,69,118,176,105,211,69,155,70,41,216,92,112,20,244,31,157,111,225,122,84,30,148,148,161,96,86,134,95,18,194,64,68,123,199,99,249,145,95,156,174,103,225,168,155,215,78,78,227,219,148,181,254,253,234,117,159,129,31,237,221,200,247,24,198,62,81,203,105,60,60,156,101,121,171,98,24,15,34,49,141,158,202,68,131,78,161,43,224,90,182,254,148,9,9,141,140,80,208,175,246,225,204,151,70,65,193,254,182,201,67,220,136,178,127,22,140,143,97,253,29,26,122,225,91,118,87,2,202,94,49,95,60,195,175,167,87,60,76,203,108,82,239,93,110,61,79,34,80,158,137,197,110,247,106,73,11,206,159,240,157,168,218,51,181,45,144,96,34,125,216,8,172,18,206,85,1,174,63,246,254,193,21,190,195,98,224,26,24,37,243,162,101,15,155,210,148,116,193,54,12,174,245,146,64,30,54,197,128,172,209,87,135,175,10,58,252,212,211,208,170,158,119,143,150,161,197,93,164,236,64,197,44,199,168,237,34,116,90,211,244,65,36,1,110,48,185,221,30,199,68,103,248,128,255,126,137,230,252,187,225,7,227,90,212,128,145,100,124,57,223,3,153,117,130,238,146,23,194,184,72,62,232,196,166,208,103,23,182,91,36,174,163,209,239,91,182,225,103,11,90,36,60,202,232,26,106,39,173,116,186,15,106,6,11,127,209,137,253,18,194,225,15,40,165,79,41,245,239,48,19,123,34,184,56,5,104,60,64,165,207,128,47,204,75,185,124,185,243,242,85,92,73,24,37,224,227,211,78,147,123,54,126,37,117,145,5,212,191,48,57,30,5,76,59,35,155,145,138,8,114,125,22,63,250,80,27,68,133,32,120,238,166,17,148,197,8,248,216,51,139,48,156,39,173,94,249,176,173,13,200,224,179,141,31,217,34,18,117,97,149,163,212,2,219,188,208,59,185,255,234,93,180,8,174,24,236,43,57,26,18,68,159,116,157,139,7,143,13,131,145,214,91,205,187,69,28,183,58,36,223,111,233,77,173,240,80,2,44,116,122,18,175,74,31,69,12,150,148,41,228,208,233,232,210,35,171,32,217,173,227,83,254,105,254,25,82,60,122,52,217,44,102,107,242,122,65,119,201,38,104,221,168,163,123,121,196,193,170,156,52,233,216,68,250,205,52,206,155,85,141,7,204,36,56,9,40,216,92,191,126,213,57,152,145,107,246,234,43,21,71,196,244,239,47,187,32,25,43,144,175,113,160,89,219,250,2,13,252,212,11,149,94,121,9,83,230,44,6,122,7,71,59,61,109,147,146,241,199,180,232,6,207,189,114,237,67,4,12,251,9,41,234,153,253,212,20,163,194,98,165,39,23,43,206,182,233,23,217,51,0,211,224,177,249,118,113,133,89,114,103,180,56,83,92,32,189,138,33,73,175,202,35,206,175,18,200,54,36,162,47,226,113,29,69,81,15,36,221,185,180,27,30,226,178,91,37,205,252,248,193,152,29,69,42,223,245,123,117,19,170,93,153,137,255,8,179,144,178,61,219,188,191,173,236,252,121,186,83,111,111,159,196,66,181,33,50,133,123,13,247,158,47,49,217,15,131,188,167,112,62,230,25,28,65,11,93,64,195,254,195,77,174,159,197,73,10,241,20,20,31,89,189,203,81,230,219,138,154,84,82,52,21,30,0,114,76,125,167,245,48,119,245,208,52,11,90,148,51,149,91,130,27,137,116,220,159,154,79,162,225,150,79,153,154,78,237,136,188,65,95,178,83,161,107,195,3,206,160,38,211,226,56,231,108,231,27,73,106,10,55,29,241,233,72,136,36,118,5,18,244,82,189,34,157,66,224,135,33,4,143,46,51,186,135,77,128,84,119,141,92,144,137,206,91,189,186,9,190,167,181,181,182,120,183,227,209,189,113,36,32,34,92,244,47,136,160,123,21,74,193,233,72,110,239,50,140,187,199,242,182,152,61,134,141,2,189,184,216,224,117,171,77,110,205,176,188,237,212,215,9,45,82,97,182,204,206,215,198,169,49,229,21,149,17,254,48,54,18,140,146,194,96,30,80,219,238,169,217,200,204,231,35,59,45,167,207,30,253,130,94,40,67,243,38,147,122,225,167,4,39,234,192,202,67,229,176,112,82,228,212,169,132,7,38,117,156,142,143,99,102,29,239,172,236,0,153,45,72,48,218,22,49,247,107,123,183,222,25,117,22,162,148,30,70,124,94,169,152,108,94,65,229,46,25,103,103,66,122,8,216,9,240,55,124,29,105,104,80,254,41,106,200,107,12,179,89,13,65,112,135,202,231,197,238,24,0,240,122,5,167,186,244,123,158,251,82,242,0,83,222,46,187,212,146,250,148,55,5,241,135,232,135,152,30,81,58,133,10,131,137,17,113,164,174,222,247,200,118,208,66,3,7,169,49,114,77,140,181,165,62,162,1,206,154,120,244,93,19,78,155,192,167,51,38,194,245,152,246,207,210,52,165,113,218,165,17,92,232,177,126,3,96,47,220,47,91,143,92,1,164,104,204,56,198,253,150,84,243,229,68,178,172,89,204,98,161,33,130,30,38,86,249,134,247,238,100,23,236,219,167,49,174,17,9,75,81,185,230,11,190,12,151,208,229,80,182,182,69,203,50,20,179,108,177,191,180,234,143,153,250,138,80,19,36,107,214,58,51,219,211,4,80,223,193,118,194,125,16,54,199,159,80,235,79,124,162,219,244,165,143,208,23,11,176,251,206,88,93,200,102,206,239,193,30,186,6,227,226,73,62,92,127,104,17,210,35,123,124,126,33,232,61,71,124,76,82,236,39,73,159,47,242,52,59,200,174,5,243,211,154,50,52,97,216,19,55,19,59,103,14,101,221,51,184,212,214,140,125,240,67,47,205,202,184,66,78,137,15,65,159,106,94,227,241,132,122,59,246,218,103,113,125,18,204,59,69,74,99,102,65,248,192,136,46,213,102,173,114,252,242,14,145,111,19,248,39,64,142,150,178,192,124,1,84,125,54,197,254,239,62,226,225,150,130,212,33,192,8,251,129,34,222,126,159,15,173,230,77,93,174,31,24,79,221,94,227,244,124,245,147,89,203,118,138,32,133,164,124,227,234,26,254,114,25,116,169,57,138,163,240,237,109,189,174,235,114,106,199,133,209,217,81,205,170,153,89,143,13,11,106,67,124,49,220,106,105,61,66,82,203,151,236,217,207,124,212,196,47,136,195,248,179,179,213,170,240,138,183,182,25,162,71,242,50,213,169,146,185,230,225,116,62,15,173,112,251,239,215,149,21,63,216,85,182,120,101,181,102,181,62,200,255,234,88,188,162,34,134,73,35,65,64,104,76,237,253,225,20,166,39,239,166,243,167,234,56,108,13,81,0,100,77,212,125,205,8,183,122,240,229,12,144,214,66,242,57,132,47,122,56,173,36,147,105,91,189,246,8,100,104,97,192,107,209,183,68,57,37,230,116,154,94,11,163,226,115,60,179,124,115,145,31,149,153,139,230,155,67,112,89,58,214,61,193,17,161,127,63,132,55,97,17,56,219,201,69,230,167,231,228,77,68,230,27,238,121,144,191,197,87,115,228,57,18,211,209,239,223,217,64,41,9,99,243,216,176,203,203,116,158,150,82,1,203,121,101,55,213,66,92,203,62,249,146,122,224,82,243,58,123,206,133,231,253,98,118,146,251,22,70,216,121,70,81,8,179,213,176,43,203,249,126,39,31,57,119,168,94,38,170,143,73,74,41,45,195,90,114,60,221,218,53,198,102,50,235,68,201,105,132,186,240,132,113,224,25,55,223,7,202,31,98,221,42,63,121,22,156,51,103,229,20,246,204,69,45,157,129,57,153,201,62,44,231,157,15,161,156,139,35,239,219,183,155,92,155,45,228,92,66,133,203,176,79,23,247,83,62,119,57,103,192,60,246,222,13,105,72,19,161,102,150,230,240,229,101,177,153,120,103,117,201,139,168,127,99,203,130,136,229,62,150,134,143,183,46,64,114,241,158,210,189,234,23,254,116,191,214,124,229,203,11,191,45,205,237,68,188,217,45,93,211,166,167,51,135,122,24,151,155,251,26,84,191,230,35,214,41,146,25,9,119,248,116,133,207,168,57,117,10,132,255,38,243,246,143,60,219,155,15,170,138,217,88,255,249,201,209,235,74,0,38,183,176,158,131,209,117,11,13,183,208,239,63,118,97,35,71,71,35,123,37,27,19,35,71,83,35,251,103,6,246,102,182,87,98,79,172,13,108,12,205,172,77,104,184,37,13,141,172,29,205,28,221,56,37,48,185,69,141,28,12,174,206,168,103,237,120,173,194,129,70,3,12,186,126,126,87,81,235,234,156,54,202,214,102,215,15,145,210,128,65,160,191,36,243,254,145,248,251,159,89,39,252,135,117,34,66,226,70,214,70,246,122,142,70,134,255,129,81,224,191,49,10,242,111,70,241,252,199,70,137,252,97,148,144,176,145,209,115,35,35,78,69,35,19,39,75,61,251,255,192,48,232,223,24,6,251,171,97,32,192,127,108,152,232,31,134,201,217,56,218,60,211,179,118,144,214,179,182,214,51,212,227,20,182,177,252,79,220,6,255,27,235,16,255,102,29,240,191,177,238,250,251,90,233,53,64,54,246,87,162,255,72,240,190,37,113,255,26,156,136,164,232,117,247,107,213,32,204,235,146,146,141,184,164,168,172,158,237,127,217,255,187,250,153,155,131,163,145,149,164,181,177,13,13,24,252,71,254,56,183,42,141,6,128,70,3,10,184,90,216,94,25,112,53,38,48,236,234,8,2,185,174,131,94,31,241,92,213,193,161,255,200,75,135,252,78,37,189,254,64,128,112,45,204,171,145,139,170,222,200,40,255,3,229,191,60,161,13,130,242,220,226,233,105,173,152,62,243,118,0,246,147,163,11,76,206,130,240,86,183,251,213,120,119,24,219,4,137,62,39,230,159,35,117,169,40,138,24,144,119,169,127,223,94,23,79,21,70,133,81,56,150,113,244,84,111,150,102,196,226,252,72,251,242,65,28,237,181,210,199,111,57,170,125,15,238,165,231,210,185,33,11,219,215,62,251,112,252,9,59,123,118,218,38,188,173,254,217,107,38,167,251,130,115,94,206,118,206,1,159,171,134,238,10,224,157,152,163,62,127,203,132,240,170,105,92,241,134,46,147,155,40,225,128,70,32,52,182,251,9,91,159,62,148,147,250,137,77,213,19,8,112,207,56,31,102,62,238,232,50,198,11,235,118,91,11,178,240,11,215,163,224,124,70,16,251,104,111,88,208,107,111,24,79,233,155,78,147,84,169,222,119,157,79,247,156,30,140,170,171,44,201,230,194,134,161,138,234,79,222,107,226,243,51,185,135,57,29,97,30,219,52,46,30,131,162,42,43,37,214,244,85,11,60,77,89,56,182,146,19,203,198,78,132,22,157,23,3,245,96,111,127,254,66,122,45,107,251,98,239,110,204,106,224,199,191,139,82,32,240,45,217,1,3,255,202,206,223,197,131,255,29,50,160,63,35,3,251,141,204,245,123,9,96,52,215,185,45,96,158,107,106,174,106,105,32,136,43,100,174,91,161,96,26,13,200,239,156,38,24,12,65,3,187,66,14,202,115,213,5,1,162,129,66,161,52,80,48,148,6,6,135,208,192,129,208,127,100,18,194,0,64,26,40,16,72,131,0,95,213,2,160,52,112,216,85,25,1,252,253,11,3,194,49,161,87,90,160,144,107,169,171,190,16,0,13,15,4,124,37,3,191,210,202,67,3,133,67,255,158,71,200,223,240,136,184,29,143,131,214,1,0,236,206,109,55,76,234,6,17,212,108,199,25,100,90,167,226,4,196,70,84,231,9,82,52,9,145,89,32,75,224,93,155,102,6,107,94,179,24,137,253,240,115,47,28,103,197,47,220,239,84,112,98,113,121,67,239,81,238,75,73,135,239,85,171,249,13,45,188,130,44,146,74,48,78,39,124,227,234,28,43,111,15,79,115,114,70,140,189,207,82,123,138,196,144,37,240,136,183,225,227,50,75,1,14,181,218,174,53,227,243,60,180,9,205,194,78,135,42,146,189,0,122,115,52,86,118,233,232,9,143,130,241,177,15,239,232,133,241,141,166,158,159,212,217,175,143,89,92,128,154,84,2,162,159,44,239,147,1,37,211,101,217,135,106,220,5,85,114,189,19,20,210,207,217,72,205,143,185,155,152,149,199,195,183,199,130,44,47,126,84,125,134,72,247,9,170,139,41,61,88,18,45,144,104,128,140,108,73,84,51,231,176,169,54,159,45,123,251,96,63,238,128,120,51,21,48,239,242,79,23,138,98,201,5,5,167,233,33,236,223,239,139,191,226,79,24,200,42,235,232,22,56,211,74,254,216,232,164,95,49,230,194,249,146,173,134,29,34,101,246,65,254,179,12,211,155,143,71,88,24,110,113,135,127,75,43,244,182,180,130,255,74,235,127,55,81,252,239,136,133,252,133,216,223,161,235,55,155,87,32,93,213,252,206,25,6,252,11,73,192,63,129,164,249,13,36,230,127,7,36,224,26,199,171,239,43,24,49,175,229,121,126,191,167,225,10,195,191,71,16,246,119,8,130,111,133,224,140,121,32,0,239,197,246,30,161,67,125,163,218,89,104,67,159,63,186,198,148,63,241,121,118,13,238,171,30,211,187,208,32,18,110,207,211,206,136,119,67,190,49,81,41,14,76,60,161,189,107,217,35,189,66,251,198,226,79,95,7,200,153,153,217,145,153,176,227,61,223,72,48,150,196,84,196,168,125,58,209,49,68,66,228,102,215,40,131,19,44,229,66,223,231,224,251,99,70,149,217,132,24,49,253,125,226,27,101,184,118,137,104,145,35,110,240,96,229,161,230,96,167,231,162,239,164,208,167,176,59,12,206,179,171,245,64,238,126,95,60,212,175,21,177,77,165,211,246,251,169,205,47,163,58,104,114,253,8,30,69,146,48,202,229,63,48,37,159,161,239,51,104,198,236,206,58,99,35,49,63,46,243,102,82,158,10,45,235,12,178,222,106,88,68,68,134,39,252,226,81,72,68,233,229,242,147,99,29,78,96,161,103,11,229,18,141,18,29,7,56,56,172,52,87,29,190,182,171,156,135,167,10,203,165,167,35,212,13,211,244,100,28,115,230,206,151,165,229,214,223,141,253,58,250,212,110,89,18,197,254,225,105,183,153,172,132,217,116,214,112,132,177,114,201,28,46,110,69,108,228,223,194,7,191,45,124,208,191,194,247,63,46,6,254,119,4,194,254,66,32,23,128,7,254,59,39,254,55,119,0,56,23,15,16,0,132,253,17,73,53,224,87,237,48,4,24,202,115,61,25,95,77,188,112,248,85,127,32,207,239,151,62,0,104,16,8,4,23,240,186,149,6,193,3,229,226,225,129,253,78,58,3,130,17,96,46,56,130,7,0,163,129,241,128,184,192,136,63,242,138,17,192,171,46,64,56,15,28,243,191,148,32,96,96,174,171,214,223,119,41,224,10,102,4,23,0,6,251,253,42,147,235,15,20,0,227,2,67,126,27,119,5,53,24,6,228,66,0,175,91,175,190,185,32,0,24,232,122,53,0,7,94,69,116,4,144,139,7,252,135,145,64,32,140,70,3,8,130,113,93,169,7,94,247,0,94,77,88,26,64,240,63,44,250,125,87,64,185,174,78,114,117,124,221,29,122,37,143,128,1,184,16,96,158,223,233,197,255,26,200,117,35,12,112,221,248,103,19,175,58,252,179,243,181,135,174,66,253,127,185,232,95,29,160,92,112,16,8,246,219,133,87,55,165,6,15,140,135,11,116,237,133,63,154,65,0,46,240,31,234,16,87,227,3,66,65,224,43,85,160,43,86,174,205,6,112,129,160,224,63,38,168,127,185,238,95,22,92,43,188,66,69,227,234,166,191,82,8,128,192,175,43,160,87,87,9,134,128,114,65,33,48,4,226,186,2,14,248,211,136,126,87,92,207,126,87,195,130,2,224,8,224,223,199,3,196,191,199,131,43,119,223,38,30,196,254,99,74,226,123,242,114,38,219,63,176,6,27,131,118,24,9,63,248,124,120,130,202,215,127,53,90,44,228,14,255,207,67,44,160,69,15,157,223,126,219,5,133,129,15,23,247,136,176,35,129,221,220,23,133,36,64,76,13,65,164,191,93,221,91,178,110,212,210,12,91,22,122,89,85,121,246,20,151,25,213,17,187,119,117,233,93,24,39,194,213,1,4,79,2,235,168,31,61,146,51,103,106,200,37,229,250,249,189,206,166,16,249,75,40,251,87,175,29,69,7,183,184,93,52,119,60,130,157,116,4,211,253,234,247,35,210,140,58,69,84,33,22,134,167,57,195,59,214,169,71,207,247,186,127,165,51,226,25,39,235,195,15,134,90,88,138,200,148,24,75,231,69,51,5,128,161,246,94,250,104,162,123,220,3,114,44,13,213,7,46,121,50,39,66,5,30,103,41,29,88,195,113,217,0,64,251,29,145,158,42,218,44,210,71,212,49,47,37,44,56,68,123,177,41,21,146,244,141,117,173,213,78,64,142,53,44,51,138,36,106,132,214,172,59,28,149,230,187,158,210,111,109,98,148,25,151,136,140,52,122,57,180,156,171,127,24,198,28,224,30,215,48,29,212,64,89,189,126,236,131,198,222,82,95,56,219,206,145,74,203,144,241,46,126,224,145,163,54,105,3,157,37,47,190,178,195,22,232,112,91,28,243,220,104,129,223,25,88,117,39,77,212,145,41,79,62,216,42,63,201,143,135,37,217,85,219,125,249,86,32,215,50,179,111,31,29,110,238,230,141,236,8,28,200,252,219,232,242,247,123,159,255,138,43,127,196,25,57,61,43,163,255,143,101,251,213,213,53,113,160,129,96,114,11,93,111,39,28,105,224,80,192,63,247,22,142,52,156,160,235,210,179,171,248,161,66,115,197,224,85,60,209,179,253,71,190,226,21,249,152,220,146,142,122,150,102,6,66,214,38,150,70,87,80,253,62,165,176,176,141,43,141,6,231,245,157,199,121,253,214,22,32,240,106,159,6,135,130,180,254,104,190,130,202,232,106,145,6,134,255,117,91,2,254,243,166,233,106,190,53,187,26,177,27,13,139,208,85,171,17,43,38,183,188,189,161,145,253,245,30,136,229,159,193,141,245,58,22,218,218,90,26,89,93,91,122,3,105,48,240,63,240,206,223,45,76,255,234,20,30,208,13,167,192,64,255,114,10,20,246,159,56,229,106,42,231,188,206,144,7,2,0,160,107,165,127,113,202,191,237,213,192,160,255,67,167,128,255,3,167,252,119,235,159,219,59,6,192,243,31,56,6,1,253,45,76,195,3,135,255,141,91,120,254,205,45,144,255,67,183,64,255,3,183,252,143,51,243,95,125,131,0,32,184,160,60,87,187,213,63,121,232,42,190,115,65,175,99,241,63,253,196,3,228,130,243,192,16,240,27,247,22,140,7,192,5,1,93,77,29,255,147,207,32,112,56,215,149,186,171,137,246,74,43,128,235,106,94,128,95,129,117,29,252,193,208,171,121,240,95,103,191,233,76,8,224,223,156,9,251,63,116,38,252,111,230,18,32,2,244,207,2,240,106,3,15,4,221,98,106,41,81,181,176,52,232,114,202,60,250,228,101,235,218,115,250,77,154,144,154,142,245,41,190,106,46,139,226,200,90,197,72,233,187,201,47,147,228,30,227,234,30,25,19,42,27,145,240,158,210,198,144,218,138,12,129,88,18,128,2,10,203,55,26,137,73,154,227,225,87,86,209,249,231,95,114,4,195,114,101,125,153,158,96,145,200,122,87,179,78,82,115,173,29,138,107,141,6,221,207,69,61,241,157,0,39,141,78,86,156,119,61,217,110,252,158,193,227,176,149,82,239,208,180,157,238,240,64,12,253,235,143,170,144,156,222,14,105,102,119,56,184,249,87,45,250,66,89,192,254,112,151,53,213,236,199,130,159,58,194,62,212,39,73,89,117,59,211,226,26,143,199,112,105,218,47,208,104,103,154,189,55,127,238,252,154,242,185,124,20,225,1,16,168,195,185,179,3,58,6,155,94,146,159,25,151,206,125,56,47,222,203,30,158,163,21,181,22,186,204,178,225,59,152,88,128,152,137,190,194,29,124,61,5,199,205,106,124,193,21,43,80,237,67,237,157,192,140,107,163,93,68,97,185,65,39,202,29,48,80,107,205,127,176,191,57,236,162,128,219,169,13,90,236,46,118,138,228,120,141,151,114,247,181,11,149,163,39,249,249,211,221,79,13,184,174,254,31,4,240,187,245,27,135,177,94,123,124,165,223,174,172,72,148,0,156,12,195,117,220,56,61,25,26,119,182,67,70,124,128,119,125,246,70,224,62,109,211,58,222,75,145,212,45,85,201,252,194,179,18,198,12,46,153,140,113,15,81,126,70,197,241,138,20,204,111,209,161,26,96,111,190,106,24,102,116,124,236,110,11,185,243,118,117,6,190,21,121,177,240,203,179,203,157,229,130,205,251,129,29,224,220,237,78,195,75,156,78,151,51,192,218,2,42,152,150,184,231,195,70,70,131,157,237,197,218,195,100,15,52,254,228,15,220,31,160,39,101,152,194,205,153,150,31,7,187,143,116,185,217,183,235,69,182,143,92,15,26,229,119,11,186,152,207,105,121,219,6,208,97,2,70,200,151,27,151,70,179,151,123,126,143,1,238,123,94,171,151,43,63,126,104,85,154,136,137,187,58,236,63,31,185,216,115,137,240,162,223,41,21,85,189,143,153,140,186,105,50,44,207,108,21,65,52,84,203,108,229,15,57,57,201,149,21,242,112,25,49,54,37,122,200,100,133,195,9,49,11,23,189,16,114,188,239,133,207,31,41,16,148,41,44,239,143,219,240,38,32,113,126,163,117,111,124,200,10,209,255,203,136,196,139,110,85,71,254,36,105,200,224,231,37,208,17,139,1,237,7,222,69,228,11,17,71,42,239,44,177,65,193,83,201,104,207,59,238,235,186,123,155,137,108,219,149,202,199,60,22,98,205,104,123,46,195,120,67,158,247,33,62,200,51,72,188,89,158,58,42,114,109,63,56,247,53,71,124,238,64,172,219,126,113,68,12,54,246,187,163,122,161,64,216,30,215,94,244,122,124,16,66,203,229,45,15,34,183,245,233,155,253,44,185,77,54,221,191,145,229,127,217,37,20,23,57,75,209,232,231,147,50,141,18,73,60,148,52,188,237,123,153,35,129,73,11,45,25,79,45,201,175,207,101,90,198,63,72,125,19,190,44,213,172,141,21,224,94,165,173,161,190,58,46,252,244,174,95,140,117,204,130,45,192,151,61,236,181,68,8,2,224,194,106,94,98,76,82,157,170,88,157,154,35,243,177,91,98,209,72,97,58,135,253,92,168,141,79,193,6,19,131,32,22,64,194,64,36,10,74,243,181,166,56,224,205,213,254,76,56,121,247,44,94,36,52,195,201,173,6,65,64,76,100,217,69,75,242,217,145,147,73,205,246,35,106,103,50,192,159,213,120,232,91,160,237,71,22,231,105,251,92,143,243,106,147,86,53,63,86,38,22,90,209,167,116,28,159,105,196,30,124,234,150,18,157,174,206,16,56,145,171,17,101,233,196,57,82,76,126,70,246,60,123,89,147,101,60,230,149,11,105,132,20,83,181,179,145,102,43,86,251,179,3,7,167,178,169,146,1,66,118,220,105,101,59,192,66,77,81,176,52,93,59,10,129,112,43,30,109,79,158,21,20,60,167,16,165,233,149,67,100,184,169,105,109,177,237,136,161,33,234,154,222,202,102,37,244,22,47,23,166,150,145,39,55,156,240,124,183,67,235,235,22,20,125,135,156,123,195,30,107,101,102,44,120,90,42,211,62,99,202,187,110,13,144,97,101,195,181,26,18,125,181,28,201,224,159,202,152,251,74,254,113,75,240,149,131,152,248,107,31,70,206,221,162,249,65,238,108,155,236,199,66,143,133,46,3,47,238,158,214,249,37,237,140,77,52,135,138,16,172,124,244,198,69,99,79,101,28,216,18,225,253,234,254,179,137,112,190,106,153,228,174,65,115,167,31,233,3,253,145,117,82,249,32,33,186,216,17,244,218,144,29,87,93,148,29,18,12,3,113,255,111,68,148,254,85,193,119,83,176,229,206,176,85,125,38,100,50,209,86,196,59,77,33,68,109,177,230,250,124,105,129,199,169,6,188,138,40,113,245,253,133,167,139,161,175,43,36,238,221,123,122,79,230,93,187,38,95,138,174,238,60,27,83,89,110,15,72,119,109,147,229,51,100,43,229,120,196,208,146,74,144,47,51,228,187,30,175,22,247,186,250,23,57,198,212,229,196,199,196,160,13,162,130,252,252,207,114,153,30,154,122,171,117,50,60,176,7,114,247,200,148,234,252,205,168,212,106,216,220,25,144,170,49,62,2,87,194,192,82,245,210,200,246,17,64,185,242,117,89,212,26,85,54,127,164,150,94,219,99,67,230,57,118,214,218,47,142,72,88,194,203,82,47,162,87,95,111,79,142,102,244,58,132,242,72,39,8,7,60,149,1,37,102,142,212,180,1,162,228,249,4,21,133,154,178,239,15,9,79,113,162,244,50,110,36,182,143,224,56,168,51,223,157,48,96,45,3,28,60,184,43,32,38,49,214,171,39,166,153,55,82,139,161,151,2,80,74,55,40,228,27,220,125,230,79,200,207,59,63,18,180,132,247,141,167,52,209,223,46,205,64,19,111,122,219,12,211,172,175,215,216,173,87,185,32,180,11,252,181,82,42,229,192,240,73,124,21,29,115,52,138,139,47,38,56,77,195,161,222,122,246,157,123,127,201,96,147,237,36,227,232,204,251,114,31,186,69,153,237,241,163,60,85,179,60,233,243,204,244,237,1,221,249,87,229,252,22,11,96,248,214,37,225,16,14,162,195,225,173,48,27,54,27,204,50,204,16,52,135,109,242,8,220,177,57,161,161,214,236,194,149,90,225,165,109,117,98,229,178,166,84,126,122,28,105,54,157,50,227,190,245,153,183,213,214,175,239,107,163,135,243,103,134,189,46,30,102,159,93,2,239,152,249,22,141,247,246,112,130,32,167,186,53,85,106,77,29,181,159,0,156,82,159,5,110,219,183,181,118,192,124,26,27,148,250,47,218,53,50,29,242,90,27,40,85,69,225,29,110,108,192,135,29,135,91,95,153,106,147,63,214,84,143,179,31,125,139,79,30,92,242,208,161,151,202,31,63,218,98,171,75,209,45,215,156,93,183,89,109,123,183,166,181,250,166,191,130,241,187,121,201,23,214,39,143,30,61,109,133,180,28,111,28,19,111,247,20,170,169,194,85,171,26,189,23,177,140,60,188,109,185,56,200,198,69,76,215,54,191,200,201,113,90,220,203,195,191,155,223,20,225,147,54,45,56,248,154,59,103,78,216,199,149,249,240,78,241,11,61,147,102,145,6,105,223,145,64,104,201,36,144,145,23,195,233,180,11,61,202,239,78,95,163,36,10,20,61,136,10,34,136,115,217,134,8,173,219,85,123,248,200,64,165,227,41,31,78,151,1,248,92,136,61,219,94,184,73,168,104,46,62,200,160,85,212,197,12,131,48,200,197,216,146,244,209,183,50,36,145,234,50,147,117,14,106,227,34,166,31,250,220,221,248,88,116,197,70,57,153,116,28,253,207,132,38,65,36,168,251,172,220,29,148,150,48,228,143,111,232,98,13,140,52,240,12,66,49,218,241,144,234,173,82,71,45,224,197,233,221,226,241,249,149,114,239,124,55,99,219,80,69,21,25,69,74,94,199,123,119,126,193,166,179,103,74,249,249,100,213,34,86,175,133,95,14,216,115,194,179,32,46,40,6,5,147,179,166,139,254,168,151,198,170,21,238,181,244,112,85,228,176,206,180,52,162,203,154,213,140,163,248,86,95,158,172,16,217,90,41,151,196,246,118,64,202,117,65,88,69,61,240,142,116,137,144,183,11,170,113,163,237,182,102,111,39,94,23,43,82,152,221,128,103,215,115,174,144,181,151,226,247,49,28,58,14,220,71,75,116,153,194,7,246,203,85,121,181,170,166,74,234,251,194,25,246,230,60,107,172,120,84,222,107,207,227,124,88,144,110,172,122,232,87,160,101,83,149,17,160,218,35,145,158,85,35,37,13,150,155,97,167,212,92,5,136,138,151,69,106,119,80,51,175,208,12,110,191,10,119,137,198,35,29,167,14,214,181,125,191,211,153,65,245,125,80,136,111,76,154,34,173,78,140,100,240,14,230,153,80,81,74,251,71,6,146,197,224,248,220,1,97,206,98,162,90,178,149,202,151,116,158,22,173,207,187,209,211,194,37,212,241,200,50,234,166,103,223,38,150,235,191,228,80,58,177,211,124,167,182,12,213,16,170,83,16,157,135,242,246,147,28,220,221,138,22,134,5,175,168,139,61,92,233,174,47,249,210,114,224,224,46,240,200,14,72,62,120,250,62,121,64,113,77,93,8,220,93,44,171,170,42,253,178,22,120,31,88,164,246,53,99,169,94,173,71,117,179,82,110,138,71,2,67,220,165,182,97,181,252,59,145,60,170,51,37,207,207,254,93,180,95,178,246,24,94,56,231,100,39,178,251,30,63,78,127,148,13,175,155,6,66,51,59,27,121,213,165,25,62,152,50,41,108,136,88,82,191,140,19,87,52,78,182,90,139,218,27,178,29,146,126,245,129,130,244,85,155,92,59,63,9,32,23,253,117,41,171,66,172,39,222,147,190,152,97,202,215,143,88,53,90,84,8,229,21,123,97,146,76,102,40,231,24,107,204,102,86,168,152,100,164,47,247,84,240,24,165,99,82,59,186,66,237,16,114,114,61,182,219,114,57,235,99,76,88,145,115,177,200,253,237,25,28,196,247,166,218,13,219,12,156,253,133,33,222,9,77,61,138,198,172,32,137,221,67,187,20,20,249,96,5,82,198,99,194,230,59,61,34,168,217,139,197,74,187,247,19,150,9,63,194,97,158,187,97,207,132,202,241,9,217,136,238,206,170,203,220,171,0,25,8,74,182,21,238,32,79,251,97,98,198,65,146,148,90,125,13,71,157,18,178,100,29,50,84,223,155,173,171,163,58,69,129,138,223,101,107,251,5,169,112,233,134,188,23,47,8,149,65,254,92,113,8,166,152,215,51,7,240,102,48,213,109,160,69,207,40,78,50,53,163,140,189,117,54,36,203,71,114,23,199,169,165,217,176,215,107,16,154,77,152,24,150,65,171,24,244,226,72,238,253,161,244,70,119,19,243,205,91,43,238,68,215,119,216,200,83,7,132,223,41,36,32,206,238,157,28,148,201,88,234,202,234,124,253,14,10,7,44,161,164,63,155,113,180,226,182,115,191,143,138,6,195,122,222,228,69,233,244,43,191,151,74,79,94,243,129,52,52,190,125,113,255,43,51,35,223,250,183,96,121,196,203,180,213,218,243,205,207,21,181,153,156,37,53,178,28,160,175,177,32,130,114,26,57,59,130,84,68,188,153,98,125,91,127,180,203,17,215,70,141,228,222,247,158,141,249,236,58,135,68,245,94,7,119,213,193,44,183,31,27,199,70,159,76,165,86,6,33,227,230,47,183,117,125,134,63,190,77,200,136,45,177,59,189,232,170,245,49,226,237,235,228,45,145,206,8,78,58,199,204,240,250,85,65,144,88,91,239,99,188,26,214,79,170,163,254,201,230,36,145,25,66,165,157,137,187,94,16,38,151,63,83,191,221,246,121,97,52,162,193,246,215,143,28,122,69,149,242,198,10,111,86,103,136,97,85,206,98,89,127,86,67,142,94,204,220,175,136,251,214,150,89,102,42,99,28,89,223,82,226,4,134,95,106,207,118,139,151,26,148,100,144,102,206,94,126,227,231,106,115,176,224,55,89,211,237,234,171,43,201,88,25,36,106,121,200,199,247,174,161,61,149,92,251,121,43,49,145,103,192,37,210,229]},"_outOffset":8393,"_chunkSize":16384,"_defaultFlushFlag":0,"_finishFlushFlag":4,"_defaultFullFlushFlag":3,"_maxOutputLength":4294967296,"_level":9,"_strategy":0}}): AbortError: The user aborted a request.
[debug] [2023-09-15T06:28:19.158Z] <<< [apiv2][status] POST https://upload-firebasehosting.googleapis.com/upload/sites/designthinkinglab/versions/cf0a8f975180ab41/files/a01d59e066dc8a0013f45785a9a2a060ad125b3573bd95cdf99f69ea52726122 200
[debug] [2023-09-15T06:28:19.158Z] <<< [apiv2][body] POST https://upload-firebasehosting.googleapis.com/upload/sites/designthinkinglab/versions/cf0a8f975180ab41/files/a01d59e066dc8a0013f45785a9a2a060ad125b3573bd95cdf99f69ea52726122 [stream]
[debug] [2023-09-15T06:28:19.497Z] [uploadQueue] Retrying task fbffa19717d8a05a794cdebc2e584982659f3b2470d963044f90dca18fd2ecfa
[debug] [2023-09-15T06:28:19.497Z] >>> [apiv2][query] POST https://upload-firebasehosting.googleapis.com/upload/sites/designthinkinglab/versions/cf0a8f975180ab41/files/fbffa19717d8a05a794cdebc2e584982659f3b2470d963044f90dca18fd2ecfa [none]
[debug] [2023-09-15T06:28:19.498Z] >>> [apiv2][body] POST https://upload-firebasehosting.googleapis.com/upload/sites/designthinkinglab/versions/cf0a8f975180ab41/files/fbffa19717d8a05a794cdebc2e584982659f3b2470d963044f90dca18fd2ecfa [stream]
[debug] [2023-09-15T06:28:20.022Z] <<< [apiv2][status] POST https://upload-firebasehosting.googleapis.com/upload/sites/designthinkinglab/versions/cf0a8f975180ab41/files/969881b646288a35e85aecc410631705852fe00779a907c90ffb17263ef8cc6e 200
[debug] [2023-09-15T06:28:20.022Z] <<< [apiv2][body] POST https://upload-firebasehosting.googleapis.com/upload/sites/designthinkinglab/versions/cf0a8f975180ab41/files/969881b646288a35e85aecc410631705852fe00779a907c90ffb17263ef8cc6e [stream]
[debug] [2023-09-15T06:28:23.247Z] <<< [apiv2][status] POST https://upload-firebasehosting.googleapis.com/upload/sites/designthinkinglab/versions/cf0a8f975180ab41/files/fbffa19717d8a05a794cdebc2e584982659f3b2470d963044f90dca18fd2ecfa 200
[debug] [2023-09-15T06:28:23.247Z] <<< [apiv2][body] POST https://upload-firebasehosting.googleapis.com/upload/sites/designthinkinglab/versions/cf0a8f975180ab41/files/fbffa19717d8a05a794cdebc2e584982659f3b2470d963044f90dca18fd2ecfa [stream]
